2021/04/13 17:18:05 AzcopyVersion  10.7.0
2021/04/13 17:18:05 OS-Environment  windows
2021/04/13 17:18:05 OS-Architecture  amd64
2021/04/13 17:18:05 Log times are in UTC. Local time is 13 Apr 2021 14:18:05
2021/04/13 17:18:05 Job-Command remove https://elevarbi.blob.core.windows.net/blob-bibrasil/LegoBi/20210408CargaHorariaExtraClasseFADERGS.CSV?se=2030-09-11t23%3A59%3A49z&sig=-REDACTED-&sp=rwdlacup&spr=https&srt=sco&ss=bfqt&st=2019-10-04t14%3A59%3A49z&sv=2018-03-28 --output-type=json --cancel-from-stdin --recursive 
2021/04/13 17:18:05 Number of CPUs: 8
2021/04/13 17:18:05 Max file buffer RAM 4.000 GB
2021/04/13 17:18:05 Max concurrent network operations: 128 (Based on number of CPUs. Set AZCOPY_CONCURRENCY_VALUE environment variable to override)
2021/04/13 17:18:05 Check CPU usage when dynamically tuning concurrency: true (Based on hard-coded default. Set AZCOPY_TUNE_TO_CPU environment variable to true or false override)
2021/04/13 17:18:05 Max concurrent transfer initiation routines: 64 (Based on hard-coded default. Set AZCOPY_CONCURRENT_FILES environment variable to override)
2021/04/13 17:18:05 Max enumeration routines: 16 (Based on hard-coded default. Set AZCOPY_CONCURRENT_SCAN environment variable to override)
2021/04/13 17:18:05 Parallelize getting file properties (file.Stat): false (Based on AZCOPY_PARALLEL_STAT_FILES environment variable)
2021/04/13 17:18:05 Max open files when downloading: 2147483119 (auto-computed)
2021/04/13 17:18:05 ISO 8601 START TIME: to copy files that changed after this job started, use the parameter --include-after=2021-04-13T17:17:59Z
2021/04/13 17:18:05 Any empty folders will not be processed, because source and/or destination doesn't have full folder support
2021/04/13 17:18:05 Final job part has been created
2021/04/13 17:18:05 JobID=095e56b9-ca85-2b4f-4297-9dec91bfe8ed, credential type: Anonymous
2021/04/13 17:18:05 scheduling JobID=095e56b9-ca85-2b4f-4297-9dec91bfe8ed, Part#=0, Transfer#=0, priority=0
2021/04/13 17:18:05 Final job part has been scheduled
2021/04/13 17:18:05 PERF: primary performance constraint is Unknown. States: T:  0, GRs:  0
2021/04/13 17:18:05 0.0 %, 0 Done, 0 Failed, 1 Pending, 0 Skipped, 1 Total, 
2021/04/13 17:18:05 INFO: [P#0-T#0] has worker 38 which is processing TRANSFER
2021/04/13 17:18:06 ==> REQUEST/RESPONSE (Try=1/135.6961ms, OpTime=498.2403ms) -- RESPONSE SUCCESSFULLY RECEIVED
   DELETE https://elevarbi.blob.core.windows.net/blob-bibrasil/LegoBi/20210408CargaHorariaExtraClasseFADERGS.CSV?se=2030-09-11t23%3A59%3A49z&sig=-REDACTED-&sp=rwdlacup&spr=https&srt=sco&ss=bfqt&st=2019-10-04t14%3A59%3A49z&sv=2018-03-28&timeout=901
   X-Ms-Request-Id: [a5d5ba70-c01e-00df-0688-308a21000000]

2021/04/13 17:18:06 INFO: [P#0-T#0] DELETE SUCCESSFUL: 
2021/04/13 17:18:06 JobID=095e56b9-ca85-2b4f-4297-9dec91bfe8ed, Part#=0, TransfersDone=1 of 1
2021/04/13 17:18:06 all parts of entire Job 095e56b9-ca85-2b4f-4297-9dec91bfe8ed successfully completed, cancelled or paused
2021/04/13 17:18:07 PERF: primary performance constraint is Unknown. States: T:  0, GRs: 128
