2021/05/12 12:40:35 AzcopyVersion  10.10.0
2021/05/12 12:40:35 OS-Environment  windows
2021/05/12 12:40:35 OS-Architecture  amd64
2021/05/12 12:40:35 Log times are in UTC. Local time is 12 May 2021 09:40:35
2021/05/12 12:40:35 Job-Command copy https://elevarbi.blob.core.windows.net/blob-bibrasil/LegoBi/20210503AlunoFinanceiroUNIFACS.CSV?se=2030-09-11t23%3A59%3A49z&sig=-REDACTED-&sp=rwdlacup&spr=https&srt=sco&ss=bfqt&st=2019-10-04t14%3A59%3A49z&sv=2018-03-28 C:\Users\jdlacerda\Downloads\20210503AlunoFinanceiroUNIFACS.CSV --output-type=json --cancel-from-stdin --overwrite=prompt --check-md5 FailIfDifferent --from-to=BlobLocal --recursive --trusted-microsoft-suffixes= 
2021/05/12 12:40:35 Number of CPUs: 8
2021/05/12 12:40:35 Max file buffer RAM 4.000 GB
2021/05/12 12:40:35 Max concurrent network operations: 128 (Based on number of CPUs. Set AZCOPY_CONCURRENCY_VALUE environment variable to override)
2021/05/12 12:40:35 Check CPU usage when dynamically tuning concurrency: true (Based on hard-coded default. Set AZCOPY_TUNE_TO_CPU environment variable to true or false override)
2021/05/12 12:40:35 Max concurrent transfer initiation routines: 64 (Based on hard-coded default. Set AZCOPY_CONCURRENT_FILES environment variable to override)
2021/05/12 12:40:35 Max enumeration routines: 16 (Based on hard-coded default. Set AZCOPY_CONCURRENT_SCAN environment variable to override)
2021/05/12 12:40:35 Parallelize getting file properties (file.Stat): false (Based on AZCOPY_PARALLEL_STAT_FILES environment variable)
2021/05/12 12:40:35 Max open files when downloading: 2147483119 (auto-computed)
2021/05/12 12:40:35 ISO 8601 START TIME: to copy files that changed before or after this job started, use the parameter --include-before=2021-05-12T12:40:30Z or --include-after=2021-05-12T12:40:30Z
2021/05/12 12:40:35 Any empty folders will not be processed, because source and/or destination doesn't have full folder support
2021/05/12 12:40:35 JobID=09ae90cd-5312-7240-5ec1-d27b4698b880, credential type: Anonymous
2021/05/12 12:40:35 Final job part has been created
2021/05/12 12:40:35 scheduling JobID=09ae90cd-5312-7240-5ec1-d27b4698b880, Part#=0, Transfer#=0, priority=0
2021/05/12 12:40:35 Final job part has been scheduled
2021/05/12 12:40:35 PERF: primary performance constraint is Unknown. States: C:  0, R:  0, W:  0, F:  0, H:  0, B:  0, S:  0, P:  0, Q:  0, D:  0, E:  0, T:  0, GRs: 24
2021/05/12 12:40:35 0.0 %, 0 Done, 0 Failed, 1 Pending, 0 Skipped, 1 Total, 
2021/05/12 12:40:35 INFO: [P#0-T#0] has worker 4 which is processing TRANSFER
2021/05/12 12:40:36 ==> REQUEST/RESPONSE (Try=1/125.849ms, OpTime=489.8336ms) -- RESPONSE SUCCESSFULLY RECEIVED
   GET https://elevarbi.blob.core.windows.net/blob-bibrasil/LegoBi/20210503AlunoFinanceiroUNIFACS.CSV?se=2030-09-11t23%3A59%3A49z&sig=-REDACTED-&sp=rwdlacup&spr=https&srt=sco&ss=bfqt&st=2019-10-04t14%3A59%3A49z&sv=2018-03-28&timeout=901
   X-Ms-Request-Id: [d7a6f259-401e-0020-602c-47b7b9000000]

2021/05/12 12:40:36 ERR: [P#0-T#0] DOWNLOADFAILED: https://elevarbi.blob.core.windows.net/blob-bibrasil/LegoBi/20210503AlunoFinanceiroUNIFACS.CSV?se=2030-09-11t23%3A59%3A49z&sig=-REDACTED-&sp=rwdlacup&spr=https&srt=sco&ss=bfqt&st=2019-10-04t14%3A59%3A49z&sv=2018-03-28 : 409 : 409 This operation is not permitted on an archived blob.. When Downloading response body. X-Ms-Request-Id: d7a6f259-401e-0020-602c-47b7b9000000

   Dst: %5C%5C?\C:\Users\jdlacerda\Downloads\20210503AlunoFinanceiroUNIFACS.CSV
2021/05/12 12:40:36 INFO: [P#0-T#0] https://elevarbi.blob.core.windows.net/blob-bibrasil/LegoBi/20210503AlunoFinanceiroUNIFACS.CSV?se=2030-09-11t23%3A59%3A49z&sig=-REDACTED-&sp=rwdlacup&spr=https&srt=sco&ss=bfqt&st=2019-10-04t14%3A59%3A49z&sv=2018-03-28 Deleting incomplete destination file Dst: %5C%5C?\C:\Users\jdlacerda\Downloads\20210503AlunoFinanceiroUNIFACS.CSV
2021/05/12 12:40:36 JobID=09ae90cd-5312-7240-5ec1-d27b4698b880, Part#=0, TransfersDone=1 of 1
2021/05/12 12:40:36 all parts of entire Job 09ae90cd-5312-7240-5ec1-d27b4698b880 successfully completed, cancelled or paused
2021/05/12 12:40:37 PERF: primary performance constraint is Unknown. States: C:  0, R:  0, W:  0, F:  0, H:  1, B:  0, S:  0, P:  0, Q:  0, D:  0, E:  0, T:  1, GRs: 128
