2021/05/12 12:56:01 AzcopyVersion  10.10.0
2021/05/12 12:56:01 OS-Environment  windows
2021/05/12 12:56:01 OS-Architecture  amd64
2021/05/12 12:56:01 Log times are in UTC. Local time is 12 May 2021 09:56:01
2021/05/12 12:56:01 Job-Command copy https://elevarbi.blob.core.windows.net/blob-bibrasil/LegoBi/20210512AlunoFinanceiroUNIFACS.CSV?se=2030-09-11t23%3A59%3A49z&sig=-REDACTED-&sp=rwdlacup&spr=https&srt=sco&ss=bfqt&st=2019-10-04t14%3A59%3A49z&sv=2018-03-28 C:\Users\JDLACE~1\AppData\Local\Temp\16208241605364\20210512AlunoFinanceiroUNIFACS.CSV --output-type=json --cancel-from-stdin --overwrite=prompt --check-md5 FailIfDifferent --from-to=BlobLocal --blob-type BlockBlob --recursive --trusted-microsoft-suffixes= 
2021/05/12 12:56:01 Number of CPUs: 8
2021/05/12 12:56:01 Max file buffer RAM 4.000 GB
2021/05/12 12:56:01 Max concurrent network operations: 128 (Based on number of CPUs. Set AZCOPY_CONCURRENCY_VALUE environment variable to override)
2021/05/12 12:56:01 Check CPU usage when dynamically tuning concurrency: true (Based on hard-coded default. Set AZCOPY_TUNE_TO_CPU environment variable to true or false override)
2021/05/12 12:56:01 Max concurrent transfer initiation routines: 64 (Based on hard-coded default. Set AZCOPY_CONCURRENT_FILES environment variable to override)
2021/05/12 12:56:01 Max enumeration routines: 16 (Based on hard-coded default. Set AZCOPY_CONCURRENT_SCAN environment variable to override)
2021/05/12 12:56:01 Parallelize getting file properties (file.Stat): false (Based on AZCOPY_PARALLEL_STAT_FILES environment variable)
2021/05/12 12:56:01 Max open files when downloading: 2147483119 (auto-computed)
2021/05/12 12:56:01 ISO 8601 START TIME: to copy files that changed before or after this job started, use the parameter --include-before=2021-05-12T12:55:55Z or --include-after=2021-05-12T12:55:55Z
2021/05/12 12:56:01 Any empty folders will not be processed, because source and/or destination doesn't have full folder support
2021/05/12 12:56:01 Final job part has been created
2021/05/12 12:56:01 JobID=0cb357c4-177f-a349-4dcb-8cb9265e4d03, credential type: Anonymous
2021/05/12 12:56:01 scheduling JobID=0cb357c4-177f-a349-4dcb-8cb9265e4d03, Part#=0, Transfer#=0, priority=0
2021/05/12 12:56:01 PERF: primary performance constraint is Unknown. States: C:  0, R:  0, W:  0, F:  0, H:  0, B:  0, S:  0, P:  0, Q:  0, D:  0, E:  0, T:  0, GRs:  7
2021/05/12 12:56:01 Final job part has been scheduled
2021/05/12 12:56:01 0.0 %, 0 Done, 0 Failed, 1 Pending, 0 Skipped, 1 Total, 
2021/05/12 12:56:01 INFO: [P#0-T#0] has worker 3 which is processing TRANSFER
2021/05/12 12:56:01 ==> REQUEST/RESPONSE (Try=1/249.6548ms, OpTime=609.9925ms) -- RESPONSE SUCCESSFULLY RECEIVED
   GET https://elevarbi.blob.core.windows.net/blob-bibrasil/LegoBi/20210512AlunoFinanceiroUNIFACS.CSV?se=2030-09-11t23%3A59%3A49z&sig=-REDACTED-&sp=rwdlacup&spr=https&srt=sco&ss=bfqt&st=2019-10-04t14%3A59%3A49z&sv=2018-03-28&timeout=901
   X-Ms-Request-Id: [5b9ff168-701e-000a-222e-47c2fc000000]

2021/05/12 12:56:02 INFO: [P#0-T#0] DOWNLOADSUCCESSFUL: \\?\C:\Users\JDLACE~1\AppData\Local\Temp\16208241605364\20210512AlunoFinanceiroUNIFACS.CSV
2021/05/12 12:56:02 JobID=0cb357c4-177f-a349-4dcb-8cb9265e4d03, Part#=0, TransfersDone=1 of 1
2021/05/12 12:56:02 all parts of entire Job 0cb357c4-177f-a349-4dcb-8cb9265e4d03 successfully completed, cancelled or paused
2021/05/12 12:56:03 PERF: primary performance constraint is Unknown. States: C:  0, R:  0, W:  0, F:  0, H:  0, B:  0, S:  0, P:  0, Q:  0, D:  0, E:  0, T:  0, GRs: 128
