2021/06/15 15:48:02 AzcopyVersion  10.10.0
2021/06/15 15:48:02 OS-Environment  windows
2021/06/15 15:48:02 OS-Architecture  amd64
2021/06/15 15:48:02 Log times are in UTC. Local time is 15 Jun 2021 12:48:02
2021/06/15 15:48:02 Job-Command remove https://elevarbi.blob.core.windows.net/blob-bibrasil/LegoBi/20210608CargaHorariaFPB.CSV?se=2030-09-11t23%3A59%3A49z&sig=-REDACTED-&sp=rwdlacup&spr=https&srt=sco&ss=bfqt&st=2019-10-04t14%3A59%3A49z&sv=2018-03-28 --output-type=json --cancel-from-stdin --recursive --trusted-microsoft-suffixes= 
2021/06/15 15:48:02 Number of CPUs: 8
2021/06/15 15:48:02 Max file buffer RAM 4.000 GB
2021/06/15 15:48:02 Max concurrent network operations: 128 (Based on number of CPUs. Set AZCOPY_CONCURRENCY_VALUE environment variable to override)
2021/06/15 15:48:02 Check CPU usage when dynamically tuning concurrency: true (Based on hard-coded default. Set AZCOPY_TUNE_TO_CPU environment variable to true or false override)
2021/06/15 15:48:02 Max concurrent transfer initiation routines: 64 (Based on hard-coded default. Set AZCOPY_CONCURRENT_FILES environment variable to override)
2021/06/15 15:48:02 Max enumeration routines: 16 (Based on hard-coded default. Set AZCOPY_CONCURRENT_SCAN environment variable to override)
2021/06/15 15:48:02 Parallelize getting file properties (file.Stat): false (Based on AZCOPY_PARALLEL_STAT_FILES environment variable)
2021/06/15 15:48:02 Max open files when downloading: 2147483119 (auto-computed)
2021/06/15 15:48:02 ISO 8601 START TIME: to copy files that changed before or after this job started, use the parameter --include-before=2021-06-15T15:47:57Z or --include-after=2021-06-15T15:47:57Z
2021/06/15 15:48:02 Any empty folders will not be processed, because source and/or destination doesn't have full folder support
2021/06/15 15:48:02 Final job part has been created
2021/06/15 15:48:02 JobID=13d16ca5-93d8-5840-6e72-a0c28b8a1452, credential type: Anonymous
2021/06/15 15:48:02 PERF: primary performance constraint is Unknown. States: T:  0, GRs: 12
2021/06/15 15:48:02 scheduling JobID=13d16ca5-93d8-5840-6e72-a0c28b8a1452, Part#=0, Transfer#=0, priority=0
2021/06/15 15:48:02 Final job part has been scheduled
2021/06/15 15:48:02 100.0 %, 0 Done, 0 Failed, 1 Pending, 0 Skipped, 1 Total, 
2021/06/15 15:48:02 INFO: [P#0-T#0] has worker 53 which is processing TRANSFER
2021/06/15 15:48:03 ==> REQUEST/RESPONSE (Try=1/460.6594ms, OpTime=821.6947ms) -- RESPONSE SUCCESSFULLY RECEIVED
   DELETE https://elevarbi.blob.core.windows.net/blob-bibrasil/LegoBi/20210608CargaHorariaFPB.CSV?se=2030-09-11t23%3A59%3A49z&sig=-REDACTED-&sp=rwdlacup&spr=https&srt=sco&ss=bfqt&st=2019-10-04t14%3A59%3A49z&sv=2018-03-28&timeout=901
   X-Ms-Request-Id: [a93afb13-901e-0000-3dfd-61db75000000]

2021/06/15 15:48:03 INFO: [P#0-T#0] DELETE SUCCESSFUL: 
2021/06/15 15:48:03 JobID=13d16ca5-93d8-5840-6e72-a0c28b8a1452, Part#=0, TransfersDone=1 of 1
2021/06/15 15:48:03 all parts of entire Job 13d16ca5-93d8-5840-6e72-a0c28b8a1452 successfully completed, cancelled or paused
2021/06/15 15:48:04 PERF: primary performance constraint is Unknown. States: T:  0, GRs: 128
