2021/04/13 17:16:52 AzcopyVersion  10.7.0
2021/04/13 17:16:52 OS-Environment  windows
2021/04/13 17:16:52 OS-Architecture  amd64
2021/04/13 17:16:52 Log times are in UTC. Local time is 13 Apr 2021 14:16:52
2021/04/13 17:16:52 Job-Command remove https://elevarbi.blob.core.windows.net/blob-bibrasil/LegoBi/20210410CargaHorariaFADERGS.CSV?se=2030-09-11t23%3A59%3A49z&sig=-REDACTED-&sp=rwdlacup&spr=https&srt=sco&ss=bfqt&st=2019-10-04t14%3A59%3A49z&sv=2018-03-28 --output-type=json --cancel-from-stdin --recursive 
2021/04/13 17:16:52 Number of CPUs: 8
2021/04/13 17:16:52 Max file buffer RAM 4.000 GB
2021/04/13 17:16:52 Max concurrent network operations: 128 (Based on number of CPUs. Set AZCOPY_CONCURRENCY_VALUE environment variable to override)
2021/04/13 17:16:52 Check CPU usage when dynamically tuning concurrency: true (Based on hard-coded default. Set AZCOPY_TUNE_TO_CPU environment variable to true or false override)
2021/04/13 17:16:52 Max concurrent transfer initiation routines: 64 (Based on hard-coded default. Set AZCOPY_CONCURRENT_FILES environment variable to override)
2021/04/13 17:16:52 Max enumeration routines: 16 (Based on hard-coded default. Set AZCOPY_CONCURRENT_SCAN environment variable to override)
2021/04/13 17:16:52 Parallelize getting file properties (file.Stat): false (Based on AZCOPY_PARALLEL_STAT_FILES environment variable)
2021/04/13 17:16:52 Max open files when downloading: 2147483119 (auto-computed)
2021/04/13 17:16:52 ISO 8601 START TIME: to copy files that changed after this job started, use the parameter --include-after=2021-04-13T17:16:46Z
2021/04/13 17:16:52 Any empty folders will not be processed, because source and/or destination doesn't have full folder support
2021/04/13 17:16:52 Final job part has been created
2021/04/13 17:16:52 PERF: primary performance constraint is Unknown. States: T:  0, GRs:  9
2021/04/13 17:16:52 0.0 %, 0 Done, 0 Failed, 1 Pending, 0 Skipped, 1 Total, 
2021/04/13 17:16:52 JobID=156b7413-bae4-2d42-53cd-861ac2f6402d, credential type: Anonymous
2021/04/13 17:16:52 scheduling JobID=156b7413-bae4-2d42-53cd-861ac2f6402d, Part#=0, Transfer#=0, priority=0
2021/04/13 17:16:52 Final job part has been scheduled
2021/04/13 17:16:52 INFO: [P#0-T#0] has worker 33 which is processing TRANSFER
2021/04/13 17:16:52 ==> REQUEST/RESPONSE (Try=1/129.2432ms, OpTime=491.5659ms) -- RESPONSE SUCCESSFULLY RECEIVED
   DELETE https://elevarbi.blob.core.windows.net/blob-bibrasil/LegoBi/20210410CargaHorariaFADERGS.CSV?se=2030-09-11t23%3A59%3A49z&sig=-REDACTED-&sp=rwdlacup&spr=https&srt=sco&ss=bfqt&st=2019-10-04t14%3A59%3A49z&sv=2018-03-28&timeout=901
   X-Ms-Request-Id: [38ea5a57-e01e-00ae-6188-30f818000000]

2021/04/13 17:16:52 INFO: [P#0-T#0] DELETE SUCCESSFUL: 
2021/04/13 17:16:52 JobID=156b7413-bae4-2d42-53cd-861ac2f6402d, Part#=0, TransfersDone=1 of 1
2021/04/13 17:16:52 all parts of entire Job 156b7413-bae4-2d42-53cd-861ac2f6402d successfully completed, cancelled or paused
2021/04/13 17:16:54 PERF: primary performance constraint is Unknown. States: T:  0, GRs: 128
