2021/01/20 13:33:06 AzcopyVersion  10.7.0
2021/01/20 13:33:06 OS-Environment  windows
2021/01/20 13:33:06 OS-Architecture  amd64
2021/01/20 13:33:06 Log times are in UTC. Local time is 20 Jan 2021 10:33:06
2021/01/20 13:33:06 Job-Command copy https://elevarbi.blob.core.windows.net/blob-bibrasil/LegoBi/20210112AlunoFinanceiroFPB.CSV?se=2030-09-11t23%3A59%3A49z&sig=-REDACTED-&sp=rwdlacup&spr=https&srt=sco&ss=bfqt&st=2019-10-04t14%3A59%3A49z&sv=2018-03-28 C:\Users\jdlacerda\Desktop\20210112AlunoFinanceiroFPB.CSV --output-type=json --cancel-from-stdin --overwrite=prompt --check-md5 FailIfDifferent --from-to=BlobLocal --recursive 
2021/01/20 13:33:06 Number of CPUs: 8
2021/01/20 13:33:06 Max file buffer RAM 4.000 GB
2021/01/20 13:33:06 Max concurrent network operations: 128 (Based on number of CPUs. Set AZCOPY_CONCURRENCY_VALUE environment variable to override)
2021/01/20 13:33:06 Check CPU usage when dynamically tuning concurrency: true (Based on hard-coded default. Set AZCOPY_TUNE_TO_CPU environment variable to true or false override)
2021/01/20 13:33:06 Max concurrent transfer initiation routines: 64 (Based on hard-coded default. Set AZCOPY_CONCURRENT_FILES environment variable to override)
2021/01/20 13:33:06 Max enumeration routines: 16 (Based on hard-coded default. Set AZCOPY_CONCURRENT_SCAN environment variable to override)
2021/01/20 13:33:06 Parallelize getting file properties (file.Stat): false (Based on AZCOPY_PARALLEL_STAT_FILES environment variable)
2021/01/20 13:33:06 Max open files when downloading: 2147483119 (auto-computed)
2021/01/20 13:33:06 ISO 8601 START TIME: to copy files that changed after this job started, use the parameter --include-after=2021-01-20T13:33:00Z
2021/01/20 13:33:06 Any empty folders will not be processed, because source and/or destination doesn't have full folder support
2021/01/20 13:33:06 Final job part has been created
2021/01/20 13:33:06 PERF: primary performance constraint is Unknown. States: C:  0, R:  0, W:  0, F:  0, H:  0, B:  0, S:  0, P:  0, Q:  0, D:  0, E:  0, T:  0, GRs:  0
2021/01/20 13:33:06 0.0 %, 0 Done, 0 Failed, 1 Pending, 0 Skipped, 1 Total, 
2021/01/20 13:33:06 JobID=15f55a79-081e-8445-72a9-e8be7f3a35eb, credential type: Anonymous
2021/01/20 13:33:06 scheduling JobID=15f55a79-081e-8445-72a9-e8be7f3a35eb, Part#=0, Transfer#=0, priority=0
2021/01/20 13:33:06 Final job part has been scheduled
2021/01/20 13:33:06 INFO: [P#0-T#0] has worker 43 which is processing TRANSFER
2021/01/20 13:33:06 ==> REQUEST/RESPONSE (Try=1/125.3283ms, OpTime=489.0086ms) -- RESPONSE SUCCESSFULLY RECEIVED
   GET https://elevarbi.blob.core.windows.net/blob-bibrasil/LegoBi/20210112AlunoFinanceiroFPB.CSV?se=2030-09-11t23%3A59%3A49z&sig=-REDACTED-&sp=rwdlacup&spr=https&srt=sco&ss=bfqt&st=2019-10-04t14%3A59%3A49z&sv=2018-03-28&timeout=901
   X-Ms-Request-Id: [613d48c9-301e-0024-7a30-ef423b000000]

2021/01/20 13:33:06 ERR: [P#0-T#0] DOWNLOADFAILED: https://elevarbi.blob.core.windows.net/blob-bibrasil/LegoBi/20210112AlunoFinanceiroFPB.CSV?se=2030-09-11t23%3A59%3A49z&sig=-REDACTED-&sp=rwdlacup&spr=https&srt=sco&ss=bfqt&st=2019-10-04t14%3A59%3A49z&sv=2018-03-28 : 409 : 409 This operation is not permitted on an archived blob.. When Downloading response body. X-Ms-Request-Id: 613d48c9-301e-0024-7a30-ef423b000000

   Dst: %5C%5C?\C:\Users\jdlacerda\Desktop\20210112AlunoFinanceiroFPB.CSV
2021/01/20 13:33:06 INFO: [P#0-T#0] https://elevarbi.blob.core.windows.net/blob-bibrasil/LegoBi/20210112AlunoFinanceiroFPB.CSV?se=2030-09-11t23%3A59%3A49z&sig=-REDACTED-&sp=rwdlacup&spr=https&srt=sco&ss=bfqt&st=2019-10-04t14%3A59%3A49z&sv=2018-03-28 Deleting incomplete destination file Dst: %5C%5C?\C:\Users\jdlacerda\Desktop\20210112AlunoFinanceiroFPB.CSV
2021/01/20 13:33:06 JobID=15f55a79-081e-8445-72a9-e8be7f3a35eb, Part#=0, TransfersDone=1 of 1
2021/01/20 13:33:06 all parts of entire Job 15f55a79-081e-8445-72a9-e8be7f3a35eb successfully completed, cancelled or paused
2021/01/20 13:33:08 PERF: primary performance constraint is Unknown. States: C:  0, R:  0, W:  0, F:  0, H:  1, B:  0, S:  0, P:  0, Q:  0, D:  0, E:  0, T:  1, GRs: 128
