2021/05/04 21:06:49 AzcopyVersion  10.7.0
2021/05/04 21:06:49 OS-Environment  windows
2021/05/04 21:06:49 OS-Architecture  amd64
2021/05/04 21:06:49 Log times are in UTC. Local time is 4 May 2021 18:06:49
2021/05/04 21:06:49 Job-Command remove https://elevarbi.blob.core.windows.net/blob-bibrasil/LegoBi/20210430CargaHorariaExtraClasseIBMR.CSV?se=2030-09-11t23%3A59%3A49z&sig=-REDACTED-&sp=rwdlacup&spr=https&srt=sco&ss=bfqt&st=2019-10-04t14%3A59%3A49z&sv=2018-03-28 --output-type=json --cancel-from-stdin --recursive 
2021/05/04 21:06:49 Number of CPUs: 8
2021/05/04 21:06:49 Max file buffer RAM 4.000 GB
2021/05/04 21:06:49 Max concurrent network operations: 128 (Based on number of CPUs. Set AZCOPY_CONCURRENCY_VALUE environment variable to override)
2021/05/04 21:06:49 Check CPU usage when dynamically tuning concurrency: true (Based on hard-coded default. Set AZCOPY_TUNE_TO_CPU environment variable to true or false override)
2021/05/04 21:06:49 Max concurrent transfer initiation routines: 64 (Based on hard-coded default. Set AZCOPY_CONCURRENT_FILES environment variable to override)
2021/05/04 21:06:49 Max enumeration routines: 16 (Based on hard-coded default. Set AZCOPY_CONCURRENT_SCAN environment variable to override)
2021/05/04 21:06:49 Parallelize getting file properties (file.Stat): false (Based on AZCOPY_PARALLEL_STAT_FILES environment variable)
2021/05/04 21:06:49 Max open files when downloading: 2147483119 (auto-computed)
2021/05/04 21:06:49 ISO 8601 START TIME: to copy files that changed after this job started, use the parameter --include-after=2021-05-04T21:06:43Z
2021/05/04 21:06:49 Any empty folders will not be processed, because source and/or destination doesn't have full folder support
2021/05/04 21:06:49 Final job part has been created
2021/05/04 21:06:49 JobID=1b37e3b6-6745-4d4d-468f-94f989d188c5, credential type: Anonymous
2021/05/04 21:06:49 PERF: primary performance constraint is Unknown. States: T:  0, GRs:  4
2021/05/04 21:06:49 scheduling JobID=1b37e3b6-6745-4d4d-468f-94f989d188c5, Part#=0, Transfer#=0, priority=0
2021/05/04 21:06:49 0.0 %, 0 Done, 0 Failed, 1 Pending, 0 Skipped, 1 Total, 
2021/05/04 21:06:49 Final job part has been scheduled
2021/05/04 21:06:49 INFO: [P#0-T#0] has worker 15 which is processing TRANSFER
2021/05/04 21:06:49 ==> REQUEST/RESPONSE (Try=1/127.8045ms, OpTime=491.0837ms) -- RESPONSE SUCCESSFULLY RECEIVED
   DELETE https://elevarbi.blob.core.windows.net/blob-bibrasil/LegoBi/20210430CargaHorariaExtraClasseIBMR.CSV?se=2030-09-11t23%3A59%3A49z&sig=-REDACTED-&sp=rwdlacup&spr=https&srt=sco&ss=bfqt&st=2019-10-04t14%3A59%3A49z&sv=2018-03-28&timeout=901
   X-Ms-Request-Id: [35ce0e60-c01e-007e-5329-4144ba000000]

2021/05/04 21:06:49 INFO: [P#0-T#0] DELETE SUCCESSFUL: 
2021/05/04 21:06:49 JobID=1b37e3b6-6745-4d4d-468f-94f989d188c5, Part#=0, TransfersDone=1 of 1
2021/05/04 21:06:49 all parts of entire Job 1b37e3b6-6745-4d4d-468f-94f989d188c5 successfully completed, cancelled or paused
2021/05/04 21:06:51 PERF: primary performance constraint is Unknown. States: T:  0, GRs: 128
