2021/05/12 12:34:48 AzcopyVersion  10.10.0
2021/05/12 12:34:48 OS-Environment  windows
2021/05/12 12:34:48 OS-Architecture  amd64
2021/05/12 12:34:48 Log times are in UTC. Local time is 12 May 2021 09:34:48
2021/05/12 12:34:48 Job-Command remove https://elevarbi.blob.core.windows.net/blob-bibrasil/LegoBi/20210510AlunoFinanceiroUNIFACS.CSV?se=2030-09-11t23%3A59%3A49z&sig=-REDACTED-&sp=rwdlacup&spr=https&srt=sco&ss=bfqt&st=2019-10-04t14%3A59%3A49z&sv=2018-03-28 --output-type=json --cancel-from-stdin --recursive --trusted-microsoft-suffixes= 
2021/05/12 12:34:48 Number of CPUs: 8
2021/05/12 12:34:48 Max file buffer RAM 4.000 GB
2021/05/12 12:34:48 Max concurrent network operations: 128 (Based on number of CPUs. Set AZCOPY_CONCURRENCY_VALUE environment variable to override)
2021/05/12 12:34:48 Check CPU usage when dynamically tuning concurrency: true (Based on hard-coded default. Set AZCOPY_TUNE_TO_CPU environment variable to true or false override)
2021/05/12 12:34:48 Max concurrent transfer initiation routines: 64 (Based on hard-coded default. Set AZCOPY_CONCURRENT_FILES environment variable to override)
2021/05/12 12:34:48 Max enumeration routines: 16 (Based on hard-coded default. Set AZCOPY_CONCURRENT_SCAN environment variable to override)
2021/05/12 12:34:48 Parallelize getting file properties (file.Stat): false (Based on AZCOPY_PARALLEL_STAT_FILES environment variable)
2021/05/12 12:34:48 Max open files when downloading: 2147483119 (auto-computed)
2021/05/12 12:34:48 ISO 8601 START TIME: to copy files that changed before or after this job started, use the parameter --include-before=2021-05-12T12:34:43Z or --include-after=2021-05-12T12:34:43Z
2021/05/12 12:34:48 Any empty folders will not be processed, because source and/or destination doesn't have full folder support
2021/05/12 12:34:48 Final job part has been created
2021/05/12 12:34:48 JobID=1b72e5eb-95a8-9a4c-6a1d-e93bce803aa7, credential type: Anonymous
2021/05/12 12:34:48 PERF: primary performance constraint is Unknown. States: T:  0, GRs: 17
2021/05/12 12:34:48 scheduling JobID=1b72e5eb-95a8-9a4c-6a1d-e93bce803aa7, Part#=0, Transfer#=0, priority=0
2021/05/12 12:34:48 Final job part has been scheduled
2021/05/12 12:34:48 100.0 %, 0 Done, 0 Failed, 1 Pending, 0 Skipped, 1 Total, 
2021/05/12 12:34:48 INFO: [P#0-T#0] has worker 34 which is processing TRANSFER
2021/05/12 12:34:49 ==> REQUEST/RESPONSE (Try=1/128.1179ms, OpTime=489.0437ms) -- RESPONSE SUCCESSFULLY RECEIVED
   DELETE https://elevarbi.blob.core.windows.net/blob-bibrasil/LegoBi/20210510AlunoFinanceiroUNIFACS.CSV?se=2030-09-11t23%3A59%3A49z&sig=-REDACTED-&sp=rwdlacup&spr=https&srt=sco&ss=bfqt&st=2019-10-04t14%3A59%3A49z&sv=2018-03-28&timeout=901
   X-Ms-Request-Id: [921fbeaf-c01e-013e-362b-472b01000000]

2021/05/12 12:34:49 INFO: [P#0-T#0] DELETE SUCCESSFUL: 
2021/05/12 12:34:49 JobID=1b72e5eb-95a8-9a4c-6a1d-e93bce803aa7, Part#=0, TransfersDone=1 of 1
2021/05/12 12:34:49 all parts of entire Job 1b72e5eb-95a8-9a4c-6a1d-e93bce803aa7 successfully completed, cancelled or paused
2021/05/12 12:34:50 PERF: primary performance constraint is Unknown. States: T:  0, GRs: 128
