2021/04/13 17:18:50 AzcopyVersion  10.7.0
2021/04/13 17:18:50 OS-Environment  windows
2021/04/13 17:18:50 OS-Architecture  amd64
2021/04/13 17:18:50 Log times are in UTC. Local time is 13 Apr 2021 14:18:50
2021/04/13 17:18:50 Job-Command remove https://elevarbi.blob.core.windows.net/blob-bibrasil/LegoBi/20210407CargaHorariaFADERGS.CSV?se=2030-09-11t23%3A59%3A49z&sig=-REDACTED-&sp=rwdlacup&spr=https&srt=sco&ss=bfqt&st=2019-10-04t14%3A59%3A49z&sv=2018-03-28 --output-type=json --cancel-from-stdin --recursive 
2021/04/13 17:18:50 Number of CPUs: 8
2021/04/13 17:18:50 Max file buffer RAM 4.000 GB
2021/04/13 17:18:50 Max concurrent network operations: 128 (Based on number of CPUs. Set AZCOPY_CONCURRENCY_VALUE environment variable to override)
2021/04/13 17:18:50 Check CPU usage when dynamically tuning concurrency: true (Based on hard-coded default. Set AZCOPY_TUNE_TO_CPU environment variable to true or false override)
2021/04/13 17:18:50 Max concurrent transfer initiation routines: 64 (Based on hard-coded default. Set AZCOPY_CONCURRENT_FILES environment variable to override)
2021/04/13 17:18:50 Max enumeration routines: 16 (Based on hard-coded default. Set AZCOPY_CONCURRENT_SCAN environment variable to override)
2021/04/13 17:18:50 Parallelize getting file properties (file.Stat): false (Based on AZCOPY_PARALLEL_STAT_FILES environment variable)
2021/04/13 17:18:50 Max open files when downloading: 2147483119 (auto-computed)
2021/04/13 17:18:50 ISO 8601 START TIME: to copy files that changed after this job started, use the parameter --include-after=2021-04-13T17:18:44Z
2021/04/13 17:18:50 Any empty folders will not be processed, because source and/or destination doesn't have full folder support
2021/04/13 17:18:50 Final job part has been created
2021/04/13 17:18:50 JobID=20716319-9491-b74d-63f7-b365cc63aab9, credential type: Anonymous
2021/04/13 17:18:50 PERF: primary performance constraint is Unknown. States: T:  0, GRs:  7
2021/04/13 17:18:50 scheduling JobID=20716319-9491-b74d-63f7-b365cc63aab9, Part#=0, Transfer#=0, priority=0
2021/04/13 17:18:50 0.0 %, 0 Done, 0 Failed, 1 Pending, 0 Skipped, 1 Total, 
2021/04/13 17:18:50 Final job part has been scheduled
2021/04/13 17:18:50 INFO: [P#0-T#0] has worker 34 which is processing TRANSFER
2021/04/13 17:18:50 ==> REQUEST/RESPONSE (Try=1/131.1531ms, OpTime=495.7683ms) -- RESPONSE SUCCESSFULLY RECEIVED
   DELETE https://elevarbi.blob.core.windows.net/blob-bibrasil/LegoBi/20210407CargaHorariaFADERGS.CSV?se=2030-09-11t23%3A59%3A49z&sig=-REDACTED-&sp=rwdlacup&spr=https&srt=sco&ss=bfqt&st=2019-10-04t14%3A59%3A49z&sv=2018-03-28&timeout=901
   X-Ms-Request-Id: [ab370a90-e01e-008c-3a89-30962e000000]

2021/04/13 17:18:50 INFO: [P#0-T#0] DELETE SUCCESSFUL: 
2021/04/13 17:18:50 JobID=20716319-9491-b74d-63f7-b365cc63aab9, Part#=0, TransfersDone=1 of 1
2021/04/13 17:18:50 all parts of entire Job 20716319-9491-b74d-63f7-b365cc63aab9 successfully completed, cancelled or paused
2021/04/13 17:18:52 PERF: primary performance constraint is Unknown. States: T:  0, GRs: 128
