2021/02/01 16:46:28 AzcopyVersion  10.7.0
2021/02/01 16:46:28 OS-Environment  windows
2021/02/01 16:46:28 OS-Architecture  amd64
2021/02/01 16:46:28 Log times are in UTC. Local time is 1 Feb 2021 13:46:28
2021/02/01 16:46:28 Job-Command remove https://elevarbi.blob.core.windows.net/blob-bibrasil/LegoBi/20210201CampusPredioSalaFMU.CSV?se=2030-09-11t23%3A59%3A49z&sig=-REDACTED-&sp=rwdlacup&spr=https&srt=sco&ss=bfqt&st=2019-10-04t14%3A59%3A49z&sv=2018-03-28 --output-type=json --cancel-from-stdin --recursive 
2021/02/01 16:46:28 Number of CPUs: 8
2021/02/01 16:46:28 Max file buffer RAM 4.000 GB
2021/02/01 16:46:28 Max concurrent network operations: 128 (Based on number of CPUs. Set AZCOPY_CONCURRENCY_VALUE environment variable to override)
2021/02/01 16:46:28 Check CPU usage when dynamically tuning concurrency: true (Based on hard-coded default. Set AZCOPY_TUNE_TO_CPU environment variable to true or false override)
2021/02/01 16:46:28 Max concurrent transfer initiation routines: 64 (Based on hard-coded default. Set AZCOPY_CONCURRENT_FILES environment variable to override)
2021/02/01 16:46:28 Max enumeration routines: 16 (Based on hard-coded default. Set AZCOPY_CONCURRENT_SCAN environment variable to override)
2021/02/01 16:46:28 Parallelize getting file properties (file.Stat): false (Based on AZCOPY_PARALLEL_STAT_FILES environment variable)
2021/02/01 16:46:28 Max open files when downloading: 2147483119 (auto-computed)
2021/02/01 16:46:28 ISO 8601 START TIME: to copy files that changed after this job started, use the parameter --include-after=2021-02-01T16:46:23Z
2021/02/01 16:46:28 Any empty folders will not be processed, because source and/or destination doesn't have full folder support
2021/02/01 16:46:28 Final job part has been created
2021/02/01 16:46:28 JobID=253f45d8-707d-944a-42e5-4e0023d92fa3, credential type: Anonymous
2021/02/01 16:46:28 PERF: primary performance constraint is Unknown. States: T:  0, GRs: 15
2021/02/01 16:46:28 scheduling JobID=253f45d8-707d-944a-42e5-4e0023d92fa3, Part#=0, Transfer#=0, priority=0
2021/02/01 16:46:28 Final job part has been scheduled
2021/02/01 16:46:28 0.0 %, 0 Done, 0 Failed, 1 Pending, 0 Skipped, 1 Total, 
2021/02/01 16:46:28 INFO: [P#0-T#0] has worker 39 which is processing TRANSFER
2021/02/01 16:46:29 ==> REQUEST/RESPONSE (Try=1/132.5733ms, OpTime=492.9318ms) -- RESPONSE SUCCESSFULLY RECEIVED
   DELETE https://elevarbi.blob.core.windows.net/blob-bibrasil/LegoBi/20210201CampusPredioSalaFMU.CSV?se=2030-09-11t23%3A59%3A49z&sig=-REDACTED-&sp=rwdlacup&spr=https&srt=sco&ss=bfqt&st=2019-10-04t14%3A59%3A49z&sv=2018-03-28&timeout=901
   X-Ms-Request-Id: [97e99476-c01e-00b2-49b9-f8200f000000]

2021/02/01 16:46:29 INFO: [P#0-T#0] DELETE SUCCESSFUL: 
2021/02/01 16:46:29 JobID=253f45d8-707d-944a-42e5-4e0023d92fa3, Part#=0, TransfersDone=1 of 1
2021/02/01 16:46:29 all parts of entire Job 253f45d8-707d-944a-42e5-4e0023d92fa3 successfully completed, cancelled or paused
2021/02/01 16:46:30 PERF: primary performance constraint is Unknown. States: T:  0, GRs: 128
