2021/05/04 22:11:27 AzcopyVersion  10.10.0
2021/05/04 22:11:27 OS-Environment  windows
2021/05/04 22:11:27 OS-Architecture  amd64
2021/05/04 22:11:27 Log times are in UTC. Local time is 4 May 2021 19:11:27
2021/05/04 22:11:27 Job-Command remove https://elevarbi.blob.core.windows.net/blob-bibrasil/LegoBi/20210503CargaHorariaExtraClasseFADERGS.CSV?se=2030-09-11t23%3A59%3A49z&sig=-REDACTED-&sp=rwdlacup&spr=https&srt=sco&ss=bfqt&st=2019-10-04t14%3A59%3A49z&sv=2018-03-28 --output-type=json --cancel-from-stdin --recursive --trusted-microsoft-suffixes= 
2021/05/04 22:11:27 Number of CPUs: 8
2021/05/04 22:11:27 Max file buffer RAM 4.000 GB
2021/05/04 22:11:27 Max concurrent network operations: 128 (Based on number of CPUs. Set AZCOPY_CONCURRENCY_VALUE environment variable to override)
2021/05/04 22:11:27 Check CPU usage when dynamically tuning concurrency: true (Based on hard-coded default. Set AZCOPY_TUNE_TO_CPU environment variable to true or false override)
2021/05/04 22:11:27 Max concurrent transfer initiation routines: 64 (Based on hard-coded default. Set AZCOPY_CONCURRENT_FILES environment variable to override)
2021/05/04 22:11:27 Max enumeration routines: 16 (Based on hard-coded default. Set AZCOPY_CONCURRENT_SCAN environment variable to override)
2021/05/04 22:11:27 Parallelize getting file properties (file.Stat): false (Based on AZCOPY_PARALLEL_STAT_FILES environment variable)
2021/05/04 22:11:27 Max open files when downloading: 2147483119 (auto-computed)
2021/05/04 22:11:27 ISO 8601 START TIME: to copy files that changed before or after this job started, use the parameter --include-before=2021-05-04T22:11:22Z or --include-after=2021-05-04T22:11:22Z
2021/05/04 22:11:27 Any empty folders will not be processed, because source and/or destination doesn't have full folder support
2021/05/04 22:11:27 Final job part has been created
2021/05/04 22:11:27 PERF: primary performance constraint is Unknown. States: T:  0, GRs:  5
2021/05/04 22:11:27 JobID=275bb3c3-49fb-1a45-5876-5fc3c161034a, credential type: Anonymous
2021/05/04 22:11:27 100.0 %, 0 Done, 0 Failed, 1 Pending, 0 Skipped, 1 Total, 
2021/05/04 22:11:27 scheduling JobID=275bb3c3-49fb-1a45-5876-5fc3c161034a, Part#=0, Transfer#=0, priority=0
2021/05/04 22:11:27 Final job part has been scheduled
2021/05/04 22:11:27 INFO: [P#0-T#0] has worker 24 which is processing TRANSFER
2021/05/04 22:11:28 ==> REQUEST/RESPONSE (Try=1/130.3532ms, OpTime=506.7111ms) -- RESPONSE SUCCESSFULLY RECEIVED
   DELETE https://elevarbi.blob.core.windows.net/blob-bibrasil/LegoBi/20210503CargaHorariaExtraClasseFADERGS.CSV?se=2030-09-11t23%3A59%3A49z&sig=-REDACTED-&sp=rwdlacup&spr=https&srt=sco&ss=bfqt&st=2019-10-04t14%3A59%3A49z&sv=2018-03-28&timeout=901
   X-Ms-Request-Id: [2ee995b2-101e-0092-7d32-414cc3000000]

2021/05/04 22:11:28 INFO: [P#0-T#0] DELETE SUCCESSFUL: 
2021/05/04 22:11:28 JobID=275bb3c3-49fb-1a45-5876-5fc3c161034a, Part#=0, TransfersDone=1 of 1
2021/05/04 22:11:28 all parts of entire Job 275bb3c3-49fb-1a45-5876-5fc3c161034a successfully completed, cancelled or paused
2021/05/04 22:11:29 PERF: primary performance constraint is Unknown. States: T:  0, GRs: 128
