2021/04/13 17:22:14 AzcopyVersion  10.7.0
2021/04/13 17:22:14 OS-Environment  windows
2021/04/13 17:22:14 OS-Architecture  amd64
2021/04/13 17:22:14 Log times are in UTC. Local time is 13 Apr 2021 14:22:14
2021/04/13 17:22:14 Job-Command remove https://elevarbi.blob.core.windows.net/blob-bibrasil/LegoBi/20210405CargaHorariaExtraClasseFADERGS.CSV?se=2030-09-11t23%3A59%3A49z&sig=-REDACTED-&sp=rwdlacup&spr=https&srt=sco&ss=bfqt&st=2019-10-04t14%3A59%3A49z&sv=2018-03-28 --output-type=json --cancel-from-stdin --recursive 
2021/04/13 17:22:14 Number of CPUs: 8
2021/04/13 17:22:14 Max file buffer RAM 4.000 GB
2021/04/13 17:22:14 Max concurrent network operations: 128 (Based on number of CPUs. Set AZCOPY_CONCURRENCY_VALUE environment variable to override)
2021/04/13 17:22:14 Check CPU usage when dynamically tuning concurrency: true (Based on hard-coded default. Set AZCOPY_TUNE_TO_CPU environment variable to true or false override)
2021/04/13 17:22:14 Max concurrent transfer initiation routines: 64 (Based on hard-coded default. Set AZCOPY_CONCURRENT_FILES environment variable to override)
2021/04/13 17:22:14 Max enumeration routines: 16 (Based on hard-coded default. Set AZCOPY_CONCURRENT_SCAN environment variable to override)
2021/04/13 17:22:14 Parallelize getting file properties (file.Stat): false (Based on AZCOPY_PARALLEL_STAT_FILES environment variable)
2021/04/13 17:22:14 Max open files when downloading: 2147483119 (auto-computed)
2021/04/13 17:22:14 ISO 8601 START TIME: to copy files that changed after this job started, use the parameter --include-after=2021-04-13T17:22:09Z
2021/04/13 17:22:14 Any empty folders will not be processed, because source and/or destination doesn't have full folder support
2021/04/13 17:22:14 Final job part has been created
2021/04/13 17:22:14 JobID=2c414b83-fe2c-7042-6a9e-18f5f502e486, credential type: Anonymous
2021/04/13 17:22:14 PERF: primary performance constraint is Unknown. States: T:  0, GRs: 27
2021/04/13 17:22:14 scheduling JobID=2c414b83-fe2c-7042-6a9e-18f5f502e486, Part#=0, Transfer#=0, priority=0
2021/04/13 17:22:14 0.0 %, 0 Done, 0 Failed, 1 Pending, 0 Skipped, 1 Total, 
2021/04/13 17:22:14 Final job part has been scheduled
2021/04/13 17:22:14 INFO: [P#0-T#0] has worker 2 which is processing TRANSFER
2021/04/13 17:22:15 ==> REQUEST/RESPONSE (Try=1/182.1284ms, OpTime=543.244ms) -- RESPONSE SUCCESSFULLY RECEIVED
   DELETE https://elevarbi.blob.core.windows.net/blob-bibrasil/LegoBi/20210405CargaHorariaExtraClasseFADERGS.CSV?se=2030-09-11t23%3A59%3A49z&sig=-REDACTED-&sp=rwdlacup&spr=https&srt=sco&ss=bfqt&st=2019-10-04t14%3A59%3A49z&sv=2018-03-28&timeout=901
   X-Ms-Request-Id: [ffb6cb19-b01e-00bd-0a89-30cdf9000000]

2021/04/13 17:22:15 INFO: [P#0-T#0] DELETE SUCCESSFUL: 
2021/04/13 17:22:15 JobID=2c414b83-fe2c-7042-6a9e-18f5f502e486, Part#=0, TransfersDone=1 of 1
2021/04/13 17:22:15 all parts of entire Job 2c414b83-fe2c-7042-6a9e-18f5f502e486 successfully completed, cancelled or paused
2021/04/13 17:22:16 PERF: primary performance constraint is Unknown. States: T:  0, GRs: 128
