2021/05/04 20:43:13 AzcopyVersion  10.7.0
2021/05/04 20:43:13 OS-Environment  windows
2021/05/04 20:43:13 OS-Architecture  amd64
2021/05/04 20:43:13 Log times are in UTC. Local time is 4 May 2021 17:43:13
2021/05/04 20:43:13 Job-Command copy https://elevarbi.blob.core.windows.net/blob-bibrasil/LegoBi/20210504CargaHorariaExtraClasseIBMR.CSV?se=2030-09-11t23%3A59%3A49z&sig=-REDACTED-&sp=rwdlacup&spr=https&srt=sco&ss=bfqt&st=2019-10-04t14%3A59%3A49z&sv=2018-03-28 C:\Users\jdlacerda\Downloads\20210504CargaHorariaExtraClasseIBMR.CSV --output-type=json --cancel-from-stdin --overwrite=prompt --check-md5 FailIfDifferent --from-to=BlobLocal --recursive 
2021/05/04 20:43:13 Number of CPUs: 8
2021/05/04 20:43:13 Max file buffer RAM 4.000 GB
2021/05/04 20:43:13 Max concurrent network operations: 128 (Based on number of CPUs. Set AZCOPY_CONCURRENCY_VALUE environment variable to override)
2021/05/04 20:43:13 Check CPU usage when dynamically tuning concurrency: true (Based on hard-coded default. Set AZCOPY_TUNE_TO_CPU environment variable to true or false override)
2021/05/04 20:43:13 Max concurrent transfer initiation routines: 64 (Based on hard-coded default. Set AZCOPY_CONCURRENT_FILES environment variable to override)
2021/05/04 20:43:13 Max enumeration routines: 16 (Based on hard-coded default. Set AZCOPY_CONCURRENT_SCAN environment variable to override)
2021/05/04 20:43:13 Parallelize getting file properties (file.Stat): false (Based on AZCOPY_PARALLEL_STAT_FILES environment variable)
2021/05/04 20:43:13 Max open files when downloading: 2147483119 (auto-computed)
2021/05/04 20:43:13 ISO 8601 START TIME: to copy files that changed after this job started, use the parameter --include-after=2021-05-04T20:43:07Z
2021/05/04 20:43:13 Any empty folders will not be processed, because source and/or destination doesn't have full folder support
2021/05/04 20:43:13 Final job part has been created
2021/05/04 20:43:13 PERF: primary performance constraint is Unknown. States: C:  0, R:  0, W:  0, F:  0, H:  0, B:  0, S:  0, P:  0, Q:  0, D:  0, E:  0, T:  0, GRs:  8
2021/05/04 20:43:13 JobID=2ce3745f-5e0a-d04b-4d65-73a2f11ea5d0, credential type: Anonymous
2021/05/04 20:43:13 0.0 %, 0 Done, 0 Failed, 1 Pending, 0 Skipped, 1 Total, 
2021/05/04 20:43:13 scheduling JobID=2ce3745f-5e0a-d04b-4d65-73a2f11ea5d0, Part#=0, Transfer#=0, priority=0
2021/05/04 20:43:13 Final job part has been scheduled
2021/05/04 20:43:13 INFO: [P#0-T#0] has worker 43 which is processing TRANSFER
2021/05/04 20:43:14 ==> REQUEST/RESPONSE (Try=1/248.1158ms, OpTime=609.4256ms) -- RESPONSE SUCCESSFULLY RECEIVED
   GET https://elevarbi.blob.core.windows.net/blob-bibrasil/LegoBi/20210504CargaHorariaExtraClasseIBMR.CSV?se=2030-09-11t23%3A59%3A49z&sig=-REDACTED-&sp=rwdlacup&spr=https&srt=sco&ss=bfqt&st=2019-10-04t14%3A59%3A49z&sv=2018-03-28&timeout=901
   X-Ms-Request-Id: [f83f31a9-a01e-00ed-0a26-41d2f1000000]

2021/05/04 20:43:14 INFO: [P#0-T#0] DOWNLOADSUCCESSFUL: \\?\C:\Users\jdlacerda\Downloads\20210504CargaHorariaExtraClasseIBMR.CSV
2021/05/04 20:43:14 JobID=2ce3745f-5e0a-d04b-4d65-73a2f11ea5d0, Part#=0, TransfersDone=1 of 1
2021/05/04 20:43:14 all parts of entire Job 2ce3745f-5e0a-d04b-4d65-73a2f11ea5d0 successfully completed, cancelled or paused
2021/05/04 20:43:15 PERF: primary performance constraint is Unknown. States: C:  0, R:  0, W:  0, F:  0, H:  0, B:  0, S:  0, P:  0, Q:  0, D:  0, E:  0, T:  0, GRs: 128
