2021/05/04 21:14:42 AzcopyVersion  10.7.0
2021/05/04 21:14:42 OS-Environment  windows
2021/05/04 21:14:42 OS-Architecture  amd64
2021/05/04 21:14:42 Log times are in UTC. Local time is 4 May 2021 18:14:42
2021/05/04 21:14:42 Job-Command remove https://elevarbi.blob.core.windows.net/blob-bibrasil/LegoBi/20210428CargaHorariaExtraClasseIBMR.CSV?se=2030-09-11t23%3A59%3A49z&sig=-REDACTED-&sp=rwdlacup&spr=https&srt=sco&ss=bfqt&st=2019-10-04t14%3A59%3A49z&sv=2018-03-28 --output-type=json --cancel-from-stdin --recursive 
2021/05/04 21:14:42 Number of CPUs: 8
2021/05/04 21:14:42 Max file buffer RAM 4.000 GB
2021/05/04 21:14:42 Max concurrent network operations: 128 (Based on number of CPUs. Set AZCOPY_CONCURRENCY_VALUE environment variable to override)
2021/05/04 21:14:42 Check CPU usage when dynamically tuning concurrency: true (Based on hard-coded default. Set AZCOPY_TUNE_TO_CPU environment variable to true or false override)
2021/05/04 21:14:42 Max concurrent transfer initiation routines: 64 (Based on hard-coded default. Set AZCOPY_CONCURRENT_FILES environment variable to override)
2021/05/04 21:14:42 Max enumeration routines: 16 (Based on hard-coded default. Set AZCOPY_CONCURRENT_SCAN environment variable to override)
2021/05/04 21:14:42 Parallelize getting file properties (file.Stat): false (Based on AZCOPY_PARALLEL_STAT_FILES environment variable)
2021/05/04 21:14:42 Max open files when downloading: 2147483119 (auto-computed)
2021/05/04 21:14:42 ISO 8601 START TIME: to copy files that changed after this job started, use the parameter --include-after=2021-05-04T21:14:36Z
2021/05/04 21:14:42 Any empty folders will not be processed, because source and/or destination doesn't have full folder support
2021/05/04 21:14:42 Final job part has been created
2021/05/04 21:14:42 JobID=3b694933-507e-6249-5f9e-ff7ca5a186fe, credential type: Anonymous
2021/05/04 21:14:42 PERF: primary performance constraint is Unknown. States: T:  0, GRs:  7
2021/05/04 21:14:42 scheduling JobID=3b694933-507e-6249-5f9e-ff7ca5a186fe, Part#=0, Transfer#=0, priority=0
2021/05/04 21:14:42 0.0 %, 0 Done, 0 Failed, 1 Pending, 0 Skipped, 1 Total, 
2021/05/04 21:14:42 Final job part has been scheduled
2021/05/04 21:14:42 INFO: [P#0-T#0] has worker 22 which is processing TRANSFER
2021/05/04 21:14:43 ==> REQUEST/RESPONSE (Try=1/133.6524ms, OpTime=496.7341ms) -- RESPONSE SUCCESSFULLY RECEIVED
   DELETE https://elevarbi.blob.core.windows.net/blob-bibrasil/LegoBi/20210428CargaHorariaExtraClasseIBMR.CSV?se=2030-09-11t23%3A59%3A49z&sig=-REDACTED-&sp=rwdlacup&spr=https&srt=sco&ss=bfqt&st=2019-10-04t14%3A59%3A49z&sv=2018-03-28&timeout=901
   X-Ms-Request-Id: [0c1638ed-a01e-004c-492a-411c6a000000]

2021/05/04 21:14:43 INFO: [P#0-T#0] DELETE SUCCESSFUL: 
2021/05/04 21:14:43 JobID=3b694933-507e-6249-5f9e-ff7ca5a186fe, Part#=0, TransfersDone=1 of 1
2021/05/04 21:14:43 all parts of entire Job 3b694933-507e-6249-5f9e-ff7ca5a186fe successfully completed, cancelled or paused
2021/05/04 21:14:44 PERF: primary performance constraint is Unknown. States: T:  0, GRs: 128
