2021/02/01 16:54:56 AzcopyVersion  10.7.0
2021/02/01 16:54:56 OS-Environment  windows
2021/02/01 16:54:56 OS-Architecture  amd64
2021/02/01 16:54:56 Log times are in UTC. Local time is 1 Feb 2021 13:54:56
2021/02/01 16:54:56 Job-Command copy https://elevarbi.blob.core.windows.net/blob-bibrasil/LegoBi/20210201CampusPredioSalaFMU.CSV?se=2030-09-11t23%3A59%3A49z&sig=-REDACTED-&sp=rwdlacup&spr=https&srt=sco&ss=bfqt&st=2019-10-04t14%3A59%3A49z&sv=2018-03-28 C:\Users\JDLACE~1\AppData\Local\Temp\16121984956208\20210201CampusPredioSalaFMU.CSV --output-type=json --cancel-from-stdin --overwrite=prompt --check-md5 FailIfDifferent --from-to=BlobLocal --blob-type BlockBlob --recursive 
2021/02/01 16:54:56 Number of CPUs: 8
2021/02/01 16:54:56 Max file buffer RAM 4.000 GB
2021/02/01 16:54:56 Max concurrent network operations: 128 (Based on number of CPUs. Set AZCOPY_CONCURRENCY_VALUE environment variable to override)
2021/02/01 16:54:56 Check CPU usage when dynamically tuning concurrency: true (Based on hard-coded default. Set AZCOPY_TUNE_TO_CPU environment variable to true or false override)
2021/02/01 16:54:56 Max concurrent transfer initiation routines: 64 (Based on hard-coded default. Set AZCOPY_CONCURRENT_FILES environment variable to override)
2021/02/01 16:54:56 Max enumeration routines: 16 (Based on hard-coded default. Set AZCOPY_CONCURRENT_SCAN environment variable to override)
2021/02/01 16:54:56 Parallelize getting file properties (file.Stat): false (Based on AZCOPY_PARALLEL_STAT_FILES environment variable)
2021/02/01 16:54:56 Max open files when downloading: 2147483119 (auto-computed)
2021/02/01 16:54:56 ISO 8601 START TIME: to copy files that changed after this job started, use the parameter --include-after=2021-02-01T16:54:50Z
2021/02/01 16:54:56 Any empty folders will not be processed, because source and/or destination doesn't have full folder support
2021/02/01 16:54:56 JobID=3daf706b-1819-734f-4f8e-67cf72c78c83, credential type: Anonymous
2021/02/01 16:54:56 Final job part has been created
2021/02/01 16:54:56 PERF: primary performance constraint is Unknown. States: C:  0, R:  0, W:  0, F:  0, H:  0, B:  0, S:  0, P:  0, Q:  0, D:  0, E:  0, T:  0, GRs: 27
2021/02/01 16:54:56 scheduling JobID=3daf706b-1819-734f-4f8e-67cf72c78c83, Part#=0, Transfer#=0, priority=0
2021/02/01 16:54:56 Final job part has been scheduled
2021/02/01 16:54:56 0.0 %, 0 Done, 0 Failed, 1 Pending, 0 Skipped, 1 Total, 
2021/02/01 16:54:56 INFO: [P#0-T#0] has worker 60 which is processing TRANSFER
2021/02/01 16:54:57 ==> REQUEST/RESPONSE (Try=1/247.784ms, OpTime=610.9511ms) -- RESPONSE SUCCESSFULLY RECEIVED
   GET https://elevarbi.blob.core.windows.net/blob-bibrasil/LegoBi/20210201CampusPredioSalaFMU.CSV?se=2030-09-11t23%3A59%3A49z&sig=-REDACTED-&sp=rwdlacup&spr=https&srt=sco&ss=bfqt&st=2019-10-04t14%3A59%3A49z&sv=2018-03-28&timeout=901
   X-Ms-Request-Id: [63396c9b-201e-0074-18ba-f85d33000000]

2021/02/01 16:54:57 INFO: [P#0-T#0] DOWNLOADSUCCESSFUL: \\?\C:\Users\JDLACE~1\AppData\Local\Temp\16121984956208\20210201CampusPredioSalaFMU.CSV
2021/02/01 16:54:57 JobID=3daf706b-1819-734f-4f8e-67cf72c78c83, Part#=0, TransfersDone=1 of 1
2021/02/01 16:54:57 all parts of entire Job 3daf706b-1819-734f-4f8e-67cf72c78c83 successfully completed, cancelled or paused
2021/02/01 16:54:58 PERF: primary performance constraint is Unknown. States: C:  0, R:  0, W:  0, F:  0, H:  0, B:  0, S:  0, P:  0, Q:  0, D:  0, E:  0, T:  0, GRs: 128
