2021/06/30 14:40:25 AzcopyVersion  10.10.0
2021/06/30 14:40:25 OS-Environment  windows
2021/06/30 14:40:25 OS-Architecture  amd64
2021/06/30 14:40:25 Log times are in UTC. Local time is 30 Jun 2021 11:40:25
2021/06/30 14:40:25 Job-Command copy https://elevarbi.blob.core.windows.net/blob-bibrasil/LegoBi/20210630CargaHorariaUNIRITTER.CSV?se=2030-09-11t23%3A59%3A49z&sig=-REDACTED-&sp=rwdlacup&spr=https&srt=sco&ss=bfqt&st=2019-10-04t14%3A59%3A49z&sv=2018-03-28 C:\Users\jdlacerda\Downloads\20210630CargaHorariaUNIRITTER.CSV --output-type=json --cancel-from-stdin --overwrite=prompt --check-md5 FailIfDifferent --from-to=BlobLocal --recursive --trusted-microsoft-suffixes= 
2021/06/30 14:40:25 Number of CPUs: 8
2021/06/30 14:40:25 Max file buffer RAM 4.000 GB
2021/06/30 14:40:25 Max concurrent network operations: 128 (Based on number of CPUs. Set AZCOPY_CONCURRENCY_VALUE environment variable to override)
2021/06/30 14:40:25 Check CPU usage when dynamically tuning concurrency: true (Based on hard-coded default. Set AZCOPY_TUNE_TO_CPU environment variable to true or false override)
2021/06/30 14:40:25 Max concurrent transfer initiation routines: 64 (Based on hard-coded default. Set AZCOPY_CONCURRENT_FILES environment variable to override)
2021/06/30 14:40:25 Max enumeration routines: 16 (Based on hard-coded default. Set AZCOPY_CONCURRENT_SCAN environment variable to override)
2021/06/30 14:40:25 Parallelize getting file properties (file.Stat): false (Based on AZCOPY_PARALLEL_STAT_FILES environment variable)
2021/06/30 14:40:25 Max open files when downloading: 2147483119 (auto-computed)
2021/06/30 14:40:25 ISO 8601 START TIME: to copy files that changed before or after this job started, use the parameter --include-before=2021-06-30T14:40:20Z or --include-after=2021-06-30T14:40:20Z
2021/06/30 14:40:25 Any empty folders will not be processed, because source and/or destination doesn't have full folder support
2021/06/30 14:40:25 JobID=40cfc7eb-32f9-bb4e-6aa5-55b8f3921d4b, credential type: Anonymous
2021/06/30 14:40:25 Final job part has been created
2021/06/30 14:40:25 scheduling JobID=40cfc7eb-32f9-bb4e-6aa5-55b8f3921d4b, Part#=0, Transfer#=0, priority=0
2021/06/30 14:40:25 PERF: primary performance constraint is Unknown. States: C:  0, R:  0, W:  0, F:  0, H:  0, B:  0, S:  0, P:  0, Q:  0, D:  0, E:  0, T:  0, GRs: 19
2021/06/30 14:40:25 Final job part has been scheduled
2021/06/30 14:40:25 0.0 %, 0 Done, 0 Failed, 1 Pending, 0 Skipped, 1 Total, 
2021/06/30 14:40:25 INFO: [P#0-T#0] has worker 27 which is processing TRANSFER
2021/06/30 14:40:26 ==> REQUEST/RESPONSE (Try=1/312.1655ms, OpTime=696.2125ms) -- RESPONSE SUCCESSFULLY RECEIVED
   GET https://elevarbi.blob.core.windows.net/blob-bibrasil/LegoBi/20210630CargaHorariaUNIRITTER.CSV?se=2030-09-11t23%3A59%3A49z&sig=-REDACTED-&sp=rwdlacup&spr=https&srt=sco&ss=bfqt&st=2019-10-04t14%3A59%3A49z&sv=2018-03-28&timeout=901
   X-Ms-Request-Id: [2403ecc8-f01e-00fe-06bd-6de710000000]

2021/06/30 14:40:26 ==> REQUEST/RESPONSE (Try=1/319.1463ms, OpTime=703.1933ms) -- RESPONSE SUCCESSFULLY RECEIVED
   GET https://elevarbi.blob.core.windows.net/blob-bibrasil/LegoBi/20210630CargaHorariaUNIRITTER.CSV?se=2030-09-11t23%3A59%3A49z&sig=-REDACTED-&sp=rwdlacup&spr=https&srt=sco&ss=bfqt&st=2019-10-04t14%3A59%3A49z&sv=2018-03-28&timeout=901
   X-Ms-Request-Id: [dd00c6b9-a01e-00a2-6abd-6d16e9000000]

2021/06/30 14:40:26 ==> REQUEST/RESPONSE (Try=1/355.0684ms, OpTime=719.1689ms) -- RESPONSE SUCCESSFULLY RECEIVED
   GET https://elevarbi.blob.core.windows.net/blob-bibrasil/LegoBi/20210630CargaHorariaUNIRITTER.CSV?se=2030-09-11t23%3A59%3A49z&sig=-REDACTED-&sp=rwdlacup&spr=https&srt=sco&ss=bfqt&st=2019-10-04t14%3A59%3A49z&sv=2018-03-28&timeout=901
   X-Ms-Request-Id: [feff25ef-001e-00e0-19bd-6d3dfd000000]

2021/06/30 14:40:26 ==> REQUEST/RESPONSE (Try=1/348.0679ms, OpTime=734.1106ms) -- RESPONSE SUCCESSFULLY RECEIVED
   GET https://elevarbi.blob.core.windows.net/blob-bibrasil/LegoBi/20210630CargaHorariaUNIRITTER.CSV?se=2030-09-11t23%3A59%3A49z&sig=-REDACTED-&sp=rwdlacup&spr=https&srt=sco&ss=bfqt&st=2019-10-04t14%3A59%3A49z&sv=2018-03-28&timeout=901
   X-Ms-Request-Id: [b5c1d7d6-c01e-007e-32bd-6d44ba000000]

2021/06/30 14:40:26 ==> REQUEST/RESPONSE (Try=1/367.0172ms, OpTime=757.0485ms) -- RESPONSE SUCCESSFULLY RECEIVED
   GET https://elevarbi.blob.core.windows.net/blob-bibrasil/LegoBi/20210630CargaHorariaUNIRITTER.CSV?se=2030-09-11t23%3A59%3A49z&sig=-REDACTED-&sp=rwdlacup&spr=https&srt=sco&ss=bfqt&st=2019-10-04t14%3A59%3A49z&sv=2018-03-28&timeout=901
   X-Ms-Request-Id: [83d6c4f8-401e-0064-4ebd-6d6bd5000000]

2021/06/30 14:40:26 ==> REQUEST/RESPONSE (Try=1/395.9401ms, OpTime=779.9871ms) -- RESPONSE SUCCESSFULLY RECEIVED
   GET https://elevarbi.blob.core.windows.net/blob-bibrasil/LegoBi/20210630CargaHorariaUNIRITTER.CSV?se=2030-09-11t23%3A59%3A49z&sig=-REDACTED-&sp=rwdlacup&spr=https&srt=sco&ss=bfqt&st=2019-10-04t14%3A59%3A49z&sv=2018-03-28&timeout=901
   X-Ms-Request-Id: [0cbfa8c8-101e-013c-0abd-6d29fb000000]

2021/06/30 14:40:26 ==> REQUEST/RESPONSE (Try=1/396.9385ms, OpTime=780.9855ms) -- RESPONSE SUCCESSFULLY RECEIVED
   GET https://elevarbi.blob.core.windows.net/blob-bibrasil/LegoBi/20210630CargaHorariaUNIRITTER.CSV?se=2030-09-11t23%3A59%3A49z&sig=-REDACTED-&sp=rwdlacup&spr=https&srt=sco&ss=bfqt&st=2019-10-04t14%3A59%3A49z&sv=2018-03-28&timeout=901
   X-Ms-Request-Id: [add2f6e4-701e-000a-3ebd-6dc2fc000000]

2021/06/30 14:40:26 ==> REQUEST/RESPONSE (Try=1/399.9302ms, OpTime=783.9772ms) -- RESPONSE SUCCESSFULLY RECEIVED
   GET https://elevarbi.blob.core.windows.net/blob-bibrasil/LegoBi/20210630CargaHorariaUNIRITTER.CSV?se=2030-09-11t23%3A59%3A49z&sig=-REDACTED-&sp=rwdlacup&spr=https&srt=sco&ss=bfqt&st=2019-10-04t14%3A59%3A49z&sv=2018-03-28&timeout=901
   X-Ms-Request-Id: [8681871b-201e-0134-78bd-6d3288000000]

2021/06/30 14:40:26 ==> REQUEST/RESPONSE (Try=1/403.9196ms, OpTime=787.9666ms) -- RESPONSE SUCCESSFULLY RECEIVED
   GET https://elevarbi.blob.core.windows.net/blob-bibrasil/LegoBi/20210630CargaHorariaUNIRITTER.CSV?se=2030-09-11t23%3A59%3A49z&sig=-REDACTED-&sp=rwdlacup&spr=https&srt=sco&ss=bfqt&st=2019-10-04t14%3A59%3A49z&sv=2018-03-28&timeout=901
   X-Ms-Request-Id: [c70547ba-d01e-012a-7ebd-6de865000000]

2021/06/30 14:40:27 PERF: primary performance constraint is Unknown. States: C:  0, R:  0, W:  0, F:  0, H:  0, B:  9, S:  0, P:  0, Q:  0, D:  0, E:  0, T:  9, GRs: 128
2021/06/30 14:40:27 0.0 %, 0 Done, 0 Failed, 1 Pending, 0 Skipped, 1 Total, 2-sec Throughput (Mb/s): 270.8242
2021/06/30 14:40:29 PERF: primary performance constraint is Unknown. States: C:  0, R:  0, W:  0, F:  0, H:  0, B:  8, S:  0, P:  1, Q:  0, D:  0, E:  0, T:  9, GRs: 128
2021/06/30 14:40:29 1.0 %, 0 Done, 0 Failed, 1 Pending, 0 Skipped, 1 Total, 
2021/06/30 14:40:31 PERF: primary performance constraint is Unknown. States: C:  0, R:  0, W:  0, F:  0, H:  0, B:  8, S:  0, P:  1, Q:  0, D:  0, E:  0, T:  9, GRs: 128
2021/06/30 14:40:31 1.0 %, 0 Done, 0 Failed, 1 Pending, 0 Skipped, 1 Total, 
2021/06/30 14:40:33 PERF: primary performance constraint is Unknown. States: C:  0, R:  0, W:  0, F:  0, H:  0, B:  8, S:  0, P:  1, Q:  0, D:  0, E:  0, T:  9, GRs: 128
2021/06/30 14:40:33 1.0 %, 0 Done, 0 Failed, 1 Pending, 0 Skipped, 1 Total, 
2021/06/30 14:40:35 PERF: primary performance constraint is Unknown. States: C:  0, R:  0, W:  0, F:  0, H:  0, B:  7, S:  0, P:  2, Q:  0, D:  0, E:  0, T:  9, GRs: 128
2021/06/30 14:40:35 13.3 %, 0 Done, 0 Failed, 1 Pending, 0 Skipped, 1 Total, 
2021/06/30 14:40:37 PERF: primary performance constraint is Unknown. States: C:  0, R:  0, W:  0, F:  0, H:  0, B:  6, S:  0, P:  3, Q:  0, D:  0, E:  0, T:  9, GRs: 128
2021/06/30 14:40:37 25.7 %, 0 Done, 0 Failed, 1 Pending, 0 Skipped, 1 Total, 
2021/06/30 14:40:39 PERF: primary performance constraint is Unknown. States: C:  0, R:  0, W:  0, F:  0, H:  0, B:  3, S:  0, P:  6, Q:  0, D:  0, E:  0, T:  9, GRs: 128
2021/06/30 14:40:39 62.9 %, 0 Done, 0 Failed, 1 Pending, 0 Skipped, 1 Total, 
2021/06/30 14:40:41 PERF: primary performance constraint is Unknown. States: C:  0, R:  0, W:  0, F:  0, H:  0, B:  1, S:  0, P:  8, Q:  0, D:  0, E:  0, T:  9, GRs: 128
2021/06/30 14:40:41 87.6 %, 0 Done, 0 Failed, 1 Pending, 0 Skipped, 1 Total, 
2021/06/30 14:40:43 INFO: [P#0-T#0] DOWNLOADSUCCESSFUL: \\?\C:\Users\jdlacerda\Downloads\20210630CargaHorariaUNIRITTER.CSV
2021/06/30 14:40:43 JobID=40cfc7eb-32f9-bb4e-6aa5-55b8f3921d4b, Part#=0, TransfersDone=1 of 1
2021/06/30 14:40:43 all parts of entire Job 40cfc7eb-32f9-bb4e-6aa5-55b8f3921d4b successfully completed, cancelled or paused
2021/06/30 14:40:43 PERF: primary performance constraint is Unknown. States: C:  0, R:  0, W:  0, F:  0, H:  0, B:  0, S:  0, P:  0, Q:  0, D:  0, E:  0, T:  0, GRs: 128
