2021/02/01 16:42:19 AzcopyVersion  10.7.0
2021/02/01 16:42:19 OS-Environment  windows
2021/02/01 16:42:19 OS-Architecture  amd64
2021/02/01 16:42:19 Log times are in UTC. Local time is 1 Feb 2021 13:42:19
2021/02/01 16:42:19 Job-Command copy https://elevarbi.blob.core.windows.net/blob-bibrasil/LegoBi/20210201CampusPredioSalaFPB.CSV?se=2030-09-11t23%3A59%3A49z&sig=-REDACTED-&sp=rwdlacup&spr=https&srt=sco&ss=bfqt&st=2019-10-04t14%3A59%3A49z&sv=2018-03-28 C:\Users\jdlacerda\Desktop\Documentos\20210201CampusPredioSalaFPB.CSV --output-type=json --cancel-from-stdin --overwrite=prompt --check-md5 FailIfDifferent --from-to=BlobLocal --recursive 
2021/02/01 16:42:19 Number of CPUs: 8
2021/02/01 16:42:19 Max file buffer RAM 4.000 GB
2021/02/01 16:42:19 Max concurrent network operations: 128 (Based on number of CPUs. Set AZCOPY_CONCURRENCY_VALUE environment variable to override)
2021/02/01 16:42:19 Check CPU usage when dynamically tuning concurrency: true (Based on hard-coded default. Set AZCOPY_TUNE_TO_CPU environment variable to true or false override)
2021/02/01 16:42:19 Max concurrent transfer initiation routines: 64 (Based on hard-coded default. Set AZCOPY_CONCURRENT_FILES environment variable to override)
2021/02/01 16:42:19 Max enumeration routines: 16 (Based on hard-coded default. Set AZCOPY_CONCURRENT_SCAN environment variable to override)
2021/02/01 16:42:19 Parallelize getting file properties (file.Stat): false (Based on AZCOPY_PARALLEL_STAT_FILES environment variable)
2021/02/01 16:42:19 Max open files when downloading: 2147483119 (auto-computed)
2021/02/01 16:42:19 ISO 8601 START TIME: to copy files that changed after this job started, use the parameter --include-after=2021-02-01T16:42:13Z
2021/02/01 16:42:19 Any empty folders will not be processed, because source and/or destination doesn't have full folder support
2021/02/01 16:42:19 Final job part has been created
2021/02/01 16:42:19 JobID=4ab13bb5-98ac-b14f-5378-79e75df12fec, credential type: Anonymous
2021/02/01 16:42:19 PERF: primary performance constraint is Unknown. States: C:  0, R:  0, W:  0, F:  0, H:  0, B:  0, S:  0, P:  0, Q:  0, D:  0, E:  0, T:  0, GRs: 10
2021/02/01 16:42:19 0.0 %, 0 Done, 0 Failed, 1 Pending, 0 Skipped, 1 Total, 
2021/02/01 16:42:19 scheduling JobID=4ab13bb5-98ac-b14f-5378-79e75df12fec, Part#=0, Transfer#=0, priority=0
2021/02/01 16:42:19 Final job part has been scheduled
2021/02/01 16:42:19 INFO: [P#0-T#0] has worker 49 which is processing TRANSFER
2021/02/01 16:42:20 ==> REQUEST/RESPONSE (Try=1/312.3549ms, OpTime=683.3901ms) -- RESPONSE SUCCESSFULLY RECEIVED
   GET https://elevarbi.blob.core.windows.net/blob-bibrasil/LegoBi/20210201CampusPredioSalaFPB.CSV?se=2030-09-11t23%3A59%3A49z&sig=-REDACTED-&sp=rwdlacup&spr=https&srt=sco&ss=bfqt&st=2019-10-04t14%3A59%3A49z&sv=2018-03-28&timeout=901
   X-Ms-Request-Id: [a4f286a0-d01e-0108-0db9-f88653000000]

2021/02/01 16:42:20 INFO: [P#0-T#0] DOWNLOADSUCCESSFUL: \\?\C:\Users\jdlacerda\Desktop\Documentos\20210201CampusPredioSalaFPB.CSV
2021/02/01 16:42:20 JobID=4ab13bb5-98ac-b14f-5378-79e75df12fec, Part#=0, TransfersDone=1 of 1
2021/02/01 16:42:20 all parts of entire Job 4ab13bb5-98ac-b14f-5378-79e75df12fec successfully completed, cancelled or paused
2021/02/01 16:42:21 PERF: primary performance constraint is Unknown. States: C:  0, R:  0, W:  0, F:  0, H:  0, B:  0, S:  0, P:  0, Q:  0, D:  0, E:  0, T:  0, GRs: 128
