2021/03/30 20:25:21 AzcopyVersion  10.7.0
2021/03/30 20:25:21 OS-Environment  windows
2021/03/30 20:25:21 OS-Architecture  amd64
2021/03/30 20:25:21 Log times are in UTC. Local time is 30 Mar 2021 17:25:21
2021/03/30 20:25:21 Job-Command remove https://elevarbi.blob.core.windows.net/blob-bibrasil/LegoBi/20210325CargaHorariaFPB.CSV?se=2030-09-11t23%3A59%3A49z&sig=-REDACTED-&sp=rwdlacup&spr=https&srt=sco&ss=bfqt&st=2019-10-04t14%3A59%3A49z&sv=2018-03-28 --output-type=json --cancel-from-stdin --recursive 
2021/03/30 20:25:21 Number of CPUs: 8
2021/03/30 20:25:21 Max file buffer RAM 4.000 GB
2021/03/30 20:25:21 Max concurrent network operations: 128 (Based on number of CPUs. Set AZCOPY_CONCURRENCY_VALUE environment variable to override)
2021/03/30 20:25:21 Check CPU usage when dynamically tuning concurrency: true (Based on hard-coded default. Set AZCOPY_TUNE_TO_CPU environment variable to true or false override)
2021/03/30 20:25:21 Max concurrent transfer initiation routines: 64 (Based on hard-coded default. Set AZCOPY_CONCURRENT_FILES environment variable to override)
2021/03/30 20:25:21 Max enumeration routines: 16 (Based on hard-coded default. Set AZCOPY_CONCURRENT_SCAN environment variable to override)
2021/03/30 20:25:21 Parallelize getting file properties (file.Stat): false (Based on AZCOPY_PARALLEL_STAT_FILES environment variable)
2021/03/30 20:25:21 Max open files when downloading: 2147483119 (auto-computed)
2021/03/30 20:25:21 ISO 8601 START TIME: to copy files that changed after this job started, use the parameter --include-after=2021-03-30T20:25:16Z
2021/03/30 20:25:21 Any empty folders will not be processed, because source and/or destination doesn't have full folder support
2021/03/30 20:25:21 Final job part has been created
2021/03/30 20:25:21 JobID=54a457ec-ae39-e543-6ed6-767a83ec4ff5, credential type: Anonymous
2021/03/30 20:25:21 PERF: primary performance constraint is Unknown. States: T:  0, GRs:  0
2021/03/30 20:25:21 scheduling JobID=54a457ec-ae39-e543-6ed6-767a83ec4ff5, Part#=0, Transfer#=0, priority=0
2021/03/30 20:25:21 Final job part has been scheduled
2021/03/30 20:25:21 0.0 %, 0 Done, 0 Failed, 1 Pending, 0 Skipped, 1 Total, 
2021/03/30 20:25:21 INFO: [P#0-T#0] has worker 12 which is processing TRANSFER
2021/03/30 20:25:22 ==> REQUEST/RESPONSE (Try=1/145.9196ms, OpTime=506.4601ms) -- RESPONSE SUCCESSFULLY RECEIVED
   DELETE https://elevarbi.blob.core.windows.net/blob-bibrasil/LegoBi/20210325CargaHorariaFPB.CSV?se=2030-09-11t23%3A59%3A49z&sig=-REDACTED-&sp=rwdlacup&spr=https&srt=sco&ss=bfqt&st=2019-10-04t14%3A59%3A49z&sv=2018-03-28&timeout=901
   X-Ms-Request-Id: [1355344a-a01e-012e-3ea2-251de7000000]

2021/03/30 20:25:22 INFO: [P#0-T#0] DELETE SUCCESSFUL: 
2021/03/30 20:25:22 JobID=54a457ec-ae39-e543-6ed6-767a83ec4ff5, Part#=0, TransfersDone=1 of 1
2021/03/30 20:25:22 all parts of entire Job 54a457ec-ae39-e543-6ed6-767a83ec4ff5 successfully completed, cancelled or paused
2021/03/30 20:25:23 PERF: primary performance constraint is Unknown. States: T:  0, GRs: 128
