2021/04/13 17:18:08 AzcopyVersion  10.7.0
2021/04/13 17:18:08 OS-Environment  windows
2021/04/13 17:18:08 OS-Architecture  amd64
2021/04/13 17:18:08 Log times are in UTC. Local time is 13 Apr 2021 14:18:08
2021/04/13 17:18:08 Job-Command remove https://elevarbi.blob.core.windows.net/blob-bibrasil/LegoBi/20210408CargaHorariaFADERGS.CSV?se=2030-09-11t23%3A59%3A49z&sig=-REDACTED-&sp=rwdlacup&spr=https&srt=sco&ss=bfqt&st=2019-10-04t14%3A59%3A49z&sv=2018-03-28 --output-type=json --cancel-from-stdin --recursive 
2021/04/13 17:18:08 Number of CPUs: 8
2021/04/13 17:18:08 Max file buffer RAM 4.000 GB
2021/04/13 17:18:08 Max concurrent network operations: 128 (Based on number of CPUs. Set AZCOPY_CONCURRENCY_VALUE environment variable to override)
2021/04/13 17:18:08 Check CPU usage when dynamically tuning concurrency: true (Based on hard-coded default. Set AZCOPY_TUNE_TO_CPU environment variable to true or false override)
2021/04/13 17:18:08 Max concurrent transfer initiation routines: 64 (Based on hard-coded default. Set AZCOPY_CONCURRENT_FILES environment variable to override)
2021/04/13 17:18:08 Max enumeration routines: 16 (Based on hard-coded default. Set AZCOPY_CONCURRENT_SCAN environment variable to override)
2021/04/13 17:18:08 Parallelize getting file properties (file.Stat): false (Based on AZCOPY_PARALLEL_STAT_FILES environment variable)
2021/04/13 17:18:08 Max open files when downloading: 2147483119 (auto-computed)
2021/04/13 17:18:08 ISO 8601 START TIME: to copy files that changed after this job started, use the parameter --include-after=2021-04-13T17:18:03Z
2021/04/13 17:18:08 Any empty folders will not be processed, because source and/or destination doesn't have full folder support
2021/04/13 17:18:08 Final job part has been created
2021/04/13 17:18:08 JobID=55215429-98ac-cb4b-5f76-a937fcb91f4c, credential type: Anonymous
2021/04/13 17:18:08 PERF: primary performance constraint is Unknown. States: T:  0, GRs: 13
2021/04/13 17:18:08 scheduling JobID=55215429-98ac-cb4b-5f76-a937fcb91f4c, Part#=0, Transfer#=0, priority=0
2021/04/13 17:18:08 Final job part has been scheduled
2021/04/13 17:18:08 0.0 %, 0 Done, 0 Failed, 1 Pending, 0 Skipped, 1 Total, 
2021/04/13 17:18:08 INFO: [P#0-T#0] has worker 23 which is processing TRANSFER
2021/04/13 17:18:09 ==> REQUEST/RESPONSE (Try=1/140.4057ms, OpTime=499.9875ms) -- RESPONSE SUCCESSFULLY RECEIVED
   DELETE https://elevarbi.blob.core.windows.net/blob-bibrasil/LegoBi/20210408CargaHorariaFADERGS.CSV?se=2030-09-11t23%3A59%3A49z&sig=-REDACTED-&sp=rwdlacup&spr=https&srt=sco&ss=bfqt&st=2019-10-04t14%3A59%3A49z&sv=2018-03-28&timeout=901
   X-Ms-Request-Id: [ed38c8b9-701e-004e-3688-301e90000000]

2021/04/13 17:18:09 INFO: [P#0-T#0] DELETE SUCCESSFUL: 
2021/04/13 17:18:09 JobID=55215429-98ac-cb4b-5f76-a937fcb91f4c, Part#=0, TransfersDone=1 of 1
2021/04/13 17:18:09 all parts of entire Job 55215429-98ac-cb4b-5f76-a937fcb91f4c successfully completed, cancelled or paused
2021/04/13 17:18:10 PERF: primary performance constraint is Unknown. States: T:  0, GRs: 128
