2021/05/04 22:32:52 AzcopyVersion  10.10.0
2021/05/04 22:32:52 OS-Environment  windows
2021/05/04 22:32:52 OS-Architecture  amd64
2021/05/04 22:32:52 Log times are in UTC. Local time is 4 May 2021 19:32:52
2021/05/04 22:32:52 Job-Command remove https://elevarbi.blob.core.windows.net/blob-bibrasil/LegoBi/20210429CargaHorariaExtraClasseFMU.CSV?se=2030-09-11t23%3A59%3A49z&sig=-REDACTED-&sp=rwdlacup&spr=https&srt=sco&ss=bfqt&st=2019-10-04t14%3A59%3A49z&sv=2018-03-28 --output-type=json --cancel-from-stdin --recursive --trusted-microsoft-suffixes= 
2021/05/04 22:32:52 Number of CPUs: 8
2021/05/04 22:32:52 Max file buffer RAM 4.000 GB
2021/05/04 22:32:52 Max concurrent network operations: 128 (Based on number of CPUs. Set AZCOPY_CONCURRENCY_VALUE environment variable to override)
2021/05/04 22:32:52 Check CPU usage when dynamically tuning concurrency: true (Based on hard-coded default. Set AZCOPY_TUNE_TO_CPU environment variable to true or false override)
2021/05/04 22:32:52 Max concurrent transfer initiation routines: 64 (Based on hard-coded default. Set AZCOPY_CONCURRENT_FILES environment variable to override)
2021/05/04 22:32:52 Max enumeration routines: 16 (Based on hard-coded default. Set AZCOPY_CONCURRENT_SCAN environment variable to override)
2021/05/04 22:32:52 Parallelize getting file properties (file.Stat): false (Based on AZCOPY_PARALLEL_STAT_FILES environment variable)
2021/05/04 22:32:52 Max open files when downloading: 2147483119 (auto-computed)
2021/05/04 22:32:52 ISO 8601 START TIME: to copy files that changed before or after this job started, use the parameter --include-before=2021-05-04T22:32:46Z or --include-after=2021-05-04T22:32:46Z
2021/05/04 22:32:52 Any empty folders will not be processed, because source and/or destination doesn't have full folder support
2021/05/04 22:32:52 Final job part has been created
2021/05/04 22:32:52 PERF: primary performance constraint is Unknown. States: T:  0, GRs:  8
2021/05/04 22:32:52 JobID=55346cc5-8fd2-4c48-579a-cdac539d0e9c, credential type: Anonymous
2021/05/04 22:32:52 100.0 %, 0 Done, 0 Failed, 1 Pending, 0 Skipped, 1 Total, 
2021/05/04 22:32:52 scheduling JobID=55346cc5-8fd2-4c48-579a-cdac539d0e9c, Part#=0, Transfer#=0, priority=0
2021/05/04 22:32:52 Final job part has been scheduled
2021/05/04 22:32:52 INFO: [P#0-T#0] has worker 2 which is processing TRANSFER
2021/05/04 22:32:53 ==> REQUEST/RESPONSE (Try=1/128.988ms, OpTime=491.5281ms) -- RESPONSE SUCCESSFULLY RECEIVED
   DELETE https://elevarbi.blob.core.windows.net/blob-bibrasil/LegoBi/20210429CargaHorariaExtraClasseFMU.CSV?se=2030-09-11t23%3A59%3A49z&sig=-REDACTED-&sp=rwdlacup&spr=https&srt=sco&ss=bfqt&st=2019-10-04t14%3A59%3A49z&sv=2018-03-28&timeout=901
   X-Ms-Request-Id: [f000c678-801e-00b5-7b35-41d68a000000]

2021/05/04 22:32:53 INFO: [P#0-T#0] DELETE SUCCESSFUL: 
2021/05/04 22:32:53 JobID=55346cc5-8fd2-4c48-579a-cdac539d0e9c, Part#=0, TransfersDone=1 of 1
2021/05/04 22:32:53 all parts of entire Job 55346cc5-8fd2-4c48-579a-cdac539d0e9c successfully completed, cancelled or paused
2021/05/04 22:32:54 PERF: primary performance constraint is Unknown. States: T:  0, GRs: 128
