2021/05/04 21:02:02 AzcopyVersion  10.7.0
2021/05/04 21:02:02 OS-Environment  windows
2021/05/04 21:02:02 OS-Architecture  amd64
2021/05/04 21:02:02 Log times are in UTC. Local time is 4 May 2021 18:02:02
2021/05/04 21:02:02 Job-Command remove https://elevarbi.blob.core.windows.net/blob-bibrasil/LegoBi/20210504CargaHorariaExtraClasseIBMR.CSV?se=2030-09-11t23%3A59%3A49z&sig=-REDACTED-&sp=rwdlacup&spr=https&srt=sco&ss=bfqt&st=2019-10-04t14%3A59%3A49z&sv=2018-03-28 --output-type=json --cancel-from-stdin --recursive 
2021/05/04 21:02:02 Number of CPUs: 8
2021/05/04 21:02:02 Max file buffer RAM 4.000 GB
2021/05/04 21:02:02 Max concurrent network operations: 128 (Based on number of CPUs. Set AZCOPY_CONCURRENCY_VALUE environment variable to override)
2021/05/04 21:02:02 Check CPU usage when dynamically tuning concurrency: true (Based on hard-coded default. Set AZCOPY_TUNE_TO_CPU environment variable to true or false override)
2021/05/04 21:02:02 Max concurrent transfer initiation routines: 64 (Based on hard-coded default. Set AZCOPY_CONCURRENT_FILES environment variable to override)
2021/05/04 21:02:02 Max enumeration routines: 16 (Based on hard-coded default. Set AZCOPY_CONCURRENT_SCAN environment variable to override)
2021/05/04 21:02:02 Parallelize getting file properties (file.Stat): false (Based on AZCOPY_PARALLEL_STAT_FILES environment variable)
2021/05/04 21:02:02 Max open files when downloading: 2147483119 (auto-computed)
2021/05/04 21:02:02 ISO 8601 START TIME: to copy files that changed after this job started, use the parameter --include-after=2021-05-04T21:01:56Z
2021/05/04 21:02:02 Any empty folders will not be processed, because source and/or destination doesn't have full folder support
2021/05/04 21:02:02 Final job part has been created
2021/05/04 21:02:02 JobID=56a64807-39ed-3249-7649-c90f3586ce67, credential type: Anonymous
2021/05/04 21:02:02 PERF: primary performance constraint is Unknown. States: T:  0, GRs: 10
2021/05/04 21:02:02 scheduling JobID=56a64807-39ed-3249-7649-c90f3586ce67, Part#=0, Transfer#=0, priority=0
2021/05/04 21:02:02 Final job part has been scheduled
2021/05/04 21:02:02 0.0 %, 0 Done, 0 Failed, 1 Pending, 0 Skipped, 1 Total, 
2021/05/04 21:02:02 INFO: [P#0-T#0] has worker 32 which is processing TRANSFER
2021/05/04 21:02:02 ==> REQUEST/RESPONSE (Try=1/153.6381ms, OpTime=512.7638ms) -- RESPONSE SUCCESSFULLY RECEIVED
   DELETE https://elevarbi.blob.core.windows.net/blob-bibrasil/LegoBi/20210504CargaHorariaExtraClasseIBMR.CSV?se=2030-09-11t23%3A59%3A49z&sig=-REDACTED-&sp=rwdlacup&spr=https&srt=sco&ss=bfqt&st=2019-10-04t14%3A59%3A49z&sv=2018-03-28&timeout=901
   X-Ms-Request-Id: [4cd11f52-b01e-00f9-1c28-411195000000]

2021/05/04 21:02:02 INFO: [P#0-T#0] DELETE SUCCESSFUL: 
2021/05/04 21:02:02 JobID=56a64807-39ed-3249-7649-c90f3586ce67, Part#=0, TransfersDone=1 of 1
2021/05/04 21:02:02 all parts of entire Job 56a64807-39ed-3249-7649-c90f3586ce67 successfully completed, cancelled or paused
2021/05/04 21:02:04 PERF: primary performance constraint is Unknown. States: T:  0, GRs: 128
