2021/05/04 22:08:51 AzcopyVersion  10.10.0
2021/05/04 22:08:51 OS-Environment  windows
2021/05/04 22:08:51 OS-Architecture  amd64
2021/05/04 22:08:51 Log times are in UTC. Local time is 4 May 2021 19:08:51
2021/05/04 22:08:51 Job-Command remove https://elevarbi.blob.core.windows.net/blob-bibrasil/LegoBi/20210504CargaHorariaExtraClasseUNIRITTER.CSV?se=2030-09-11t23%3A59%3A49z&sig=-REDACTED-&sp=rwdlacup&spr=https&srt=sco&ss=bfqt&st=2019-10-04t14%3A59%3A49z&sv=2018-03-28 --output-type=json --cancel-from-stdin --recursive --trusted-microsoft-suffixes= 
2021/05/04 22:08:51 Number of CPUs: 8
2021/05/04 22:08:51 Max file buffer RAM 4.000 GB
2021/05/04 22:08:51 Max concurrent network operations: 128 (Based on number of CPUs. Set AZCOPY_CONCURRENCY_VALUE environment variable to override)
2021/05/04 22:08:51 Check CPU usage when dynamically tuning concurrency: true (Based on hard-coded default. Set AZCOPY_TUNE_TO_CPU environment variable to true or false override)
2021/05/04 22:08:51 Max concurrent transfer initiation routines: 64 (Based on hard-coded default. Set AZCOPY_CONCURRENT_FILES environment variable to override)
2021/05/04 22:08:51 Max enumeration routines: 16 (Based on hard-coded default. Set AZCOPY_CONCURRENT_SCAN environment variable to override)
2021/05/04 22:08:51 Parallelize getting file properties (file.Stat): false (Based on AZCOPY_PARALLEL_STAT_FILES environment variable)
2021/05/04 22:08:51 Max open files when downloading: 2147483119 (auto-computed)
2021/05/04 22:08:51 ISO 8601 START TIME: to copy files that changed before or after this job started, use the parameter --include-before=2021-05-04T22:08:45Z or --include-after=2021-05-04T22:08:45Z
2021/05/04 22:08:51 Any empty folders will not be processed, because source and/or destination doesn't have full folder support
2021/05/04 22:08:51 Final job part has been created
2021/05/04 22:08:51 JobID=59fb4163-6680-2e46-5b26-17177e27ef81, credential type: Anonymous
2021/05/04 22:08:51 PERF: primary performance constraint is Unknown. States: T:  0, GRs:  4
2021/05/04 22:08:51 scheduling JobID=59fb4163-6680-2e46-5b26-17177e27ef81, Part#=0, Transfer#=0, priority=0
2021/05/04 22:08:51 Final job part has been scheduled
2021/05/04 22:08:51 100.0 %, 0 Done, 0 Failed, 1 Pending, 0 Skipped, 1 Total, 
2021/05/04 22:08:51 INFO: [P#0-T#0] has worker 54 which is processing TRANSFER
2021/05/04 22:08:51 ==> REQUEST/RESPONSE (Try=1/126.8142ms, OpTime=517.3948ms) -- RESPONSE SUCCESSFULLY RECEIVED
   DELETE https://elevarbi.blob.core.windows.net/blob-bibrasil/LegoBi/20210504CargaHorariaExtraClasseUNIRITTER.CSV?se=2030-09-11t23%3A59%3A49z&sig=-REDACTED-&sp=rwdlacup&spr=https&srt=sco&ss=bfqt&st=2019-10-04t14%3A59%3A49z&sv=2018-03-28&timeout=901
   X-Ms-Request-Id: [036c6a70-801e-0050-7632-41c47d000000]

2021/05/04 22:08:51 INFO: [P#0-T#0] DELETE SUCCESSFUL: 
2021/05/04 22:08:51 JobID=59fb4163-6680-2e46-5b26-17177e27ef81, Part#=0, TransfersDone=1 of 1
2021/05/04 22:08:51 all parts of entire Job 59fb4163-6680-2e46-5b26-17177e27ef81 successfully completed, cancelled or paused
2021/05/04 22:08:53 PERF: primary performance constraint is Unknown. States: T:  0, GRs: 128
