2021/06/15 15:51:25 AzcopyVersion  10.10.0
2021/06/15 15:51:25 OS-Environment  windows
2021/06/15 15:51:25 OS-Architecture  amd64
2021/06/15 15:51:25 Log times are in UTC. Local time is 15 Jun 2021 12:51:25
2021/06/15 15:51:25 Job-Command remove https://elevarbi.blob.core.windows.net/blob-bibrasil/LegoBi/20210608CargaHorariaUNP.CSV?se=2030-09-11t23%3A59%3A49z&sig=-REDACTED-&sp=rwdlacup&spr=https&srt=sco&ss=bfqt&st=2019-10-04t14%3A59%3A49z&sv=2018-03-28 --output-type=json --cancel-from-stdin --recursive --trusted-microsoft-suffixes= 
2021/06/15 15:51:25 Number of CPUs: 8
2021/06/15 15:51:25 Max file buffer RAM 4.000 GB
2021/06/15 15:51:25 Max concurrent network operations: 128 (Based on number of CPUs. Set AZCOPY_CONCURRENCY_VALUE environment variable to override)
2021/06/15 15:51:25 Check CPU usage when dynamically tuning concurrency: true (Based on hard-coded default. Set AZCOPY_TUNE_TO_CPU environment variable to true or false override)
2021/06/15 15:51:25 Max concurrent transfer initiation routines: 64 (Based on hard-coded default. Set AZCOPY_CONCURRENT_FILES environment variable to override)
2021/06/15 15:51:25 Max enumeration routines: 16 (Based on hard-coded default. Set AZCOPY_CONCURRENT_SCAN environment variable to override)
2021/06/15 15:51:25 Parallelize getting file properties (file.Stat): false (Based on AZCOPY_PARALLEL_STAT_FILES environment variable)
2021/06/15 15:51:25 Max open files when downloading: 2147483119 (auto-computed)
2021/06/15 15:51:25 ISO 8601 START TIME: to copy files that changed before or after this job started, use the parameter --include-before=2021-06-15T15:51:20Z or --include-after=2021-06-15T15:51:20Z
2021/06/15 15:51:25 Any empty folders will not be processed, because source and/or destination doesn't have full folder support
2021/06/15 15:51:25 Final job part has been created
2021/06/15 15:51:25 JobID=5d7e068c-1c66-e247-701b-e29ad261f9fe, credential type: Anonymous
2021/06/15 15:51:25 PERF: primary performance constraint is Unknown. States: T:  0, GRs: 17
2021/06/15 15:51:25 scheduling JobID=5d7e068c-1c66-e247-701b-e29ad261f9fe, Part#=0, Transfer#=0, priority=0
2021/06/15 15:51:25 Final job part has been scheduled
2021/06/15 15:51:25 100.0 %, 0 Done, 0 Failed, 1 Pending, 0 Skipped, 1 Total, 
2021/06/15 15:51:25 INFO: [P#0-T#0] has worker 42 which is processing TRANSFER
2021/06/15 15:51:26 ==> REQUEST/RESPONSE (Try=1/128.7395ms, OpTime=497.7514ms) -- RESPONSE SUCCESSFULLY RECEIVED
   DELETE https://elevarbi.blob.core.windows.net/blob-bibrasil/LegoBi/20210608CargaHorariaUNP.CSV?se=2030-09-11t23%3A59%3A49z&sig=-REDACTED-&sp=rwdlacup&spr=https&srt=sco&ss=bfqt&st=2019-10-04t14%3A59%3A49z&sv=2018-03-28&timeout=901
   X-Ms-Request-Id: [6168f8bf-001e-0086-6efe-618fa7000000]

2021/06/15 15:51:26 INFO: [P#0-T#0] DELETE SUCCESSFUL: 
2021/06/15 15:51:26 JobID=5d7e068c-1c66-e247-701b-e29ad261f9fe, Part#=0, TransfersDone=1 of 1
2021/06/15 15:51:26 all parts of entire Job 5d7e068c-1c66-e247-701b-e29ad261f9fe successfully completed, cancelled or paused
2021/06/15 15:51:27 PERF: primary performance constraint is Unknown. States: T:  0, GRs: 128
