2021/05/04 22:23:15 AzcopyVersion  10.10.0
2021/05/04 22:23:15 OS-Environment  windows
2021/05/04 22:23:15 OS-Architecture  amd64
2021/05/04 22:23:15 Log times are in UTC. Local time is 4 May 2021 19:23:15
2021/05/04 22:23:15 Job-Command remove https://elevarbi.blob.core.windows.net/blob-bibrasil/LegoBi/20210501CargaHorariaExtraClasseUNP.CSV?se=2030-09-11t23%3A59%3A49z&sig=-REDACTED-&sp=rwdlacup&spr=https&srt=sco&ss=bfqt&st=2019-10-04t14%3A59%3A49z&sv=2018-03-28 --output-type=json --cancel-from-stdin --recursive --trusted-microsoft-suffixes= 
2021/05/04 22:23:15 Number of CPUs: 8
2021/05/04 22:23:15 Max file buffer RAM 4.000 GB
2021/05/04 22:23:15 Max concurrent network operations: 128 (Based on number of CPUs. Set AZCOPY_CONCURRENCY_VALUE environment variable to override)
2021/05/04 22:23:15 Check CPU usage when dynamically tuning concurrency: true (Based on hard-coded default. Set AZCOPY_TUNE_TO_CPU environment variable to true or false override)
2021/05/04 22:23:15 Max concurrent transfer initiation routines: 64 (Based on hard-coded default. Set AZCOPY_CONCURRENT_FILES environment variable to override)
2021/05/04 22:23:15 Max enumeration routines: 16 (Based on hard-coded default. Set AZCOPY_CONCURRENT_SCAN environment variable to override)
2021/05/04 22:23:15 Parallelize getting file properties (file.Stat): false (Based on AZCOPY_PARALLEL_STAT_FILES environment variable)
2021/05/04 22:23:15 Max open files when downloading: 2147483119 (auto-computed)
2021/05/04 22:23:15 ISO 8601 START TIME: to copy files that changed before or after this job started, use the parameter --include-before=2021-05-04T22:23:10Z or --include-after=2021-05-04T22:23:10Z
2021/05/04 22:23:15 Any empty folders will not be processed, because source and/or destination doesn't have full folder support
2021/05/04 22:23:15 Final job part has been created
2021/05/04 22:23:15 PERF: primary performance constraint is Unknown. States: T:  0, GRs:  4
2021/05/04 22:23:15 JobID=5dfcdcfe-cb00-eb44-6838-49c83f42eb61, credential type: Anonymous
2021/05/04 22:23:15 100.0 %, 0 Done, 0 Failed, 1 Pending, 0 Skipped, 1 Total, 
2021/05/04 22:23:15 scheduling JobID=5dfcdcfe-cb00-eb44-6838-49c83f42eb61, Part#=0, Transfer#=0, priority=0
2021/05/04 22:23:15 Final job part has been scheduled
2021/05/04 22:23:15 INFO: [P#0-T#0] has worker 63 which is processing TRANSFER
2021/05/04 22:23:16 ==> REQUEST/RESPONSE (Try=1/130.2247ms, OpTime=496.5556ms) -- RESPONSE SUCCESSFULLY RECEIVED
   DELETE https://elevarbi.blob.core.windows.net/blob-bibrasil/LegoBi/20210501CargaHorariaExtraClasseUNP.CSV?se=2030-09-11t23%3A59%3A49z&sig=-REDACTED-&sp=rwdlacup&spr=https&srt=sco&ss=bfqt&st=2019-10-04t14%3A59%3A49z&sv=2018-03-28&timeout=901
   X-Ms-Request-Id: [48219a3e-101e-00ff-3d34-41e6ed000000]

2021/05/04 22:23:16 INFO: [P#0-T#0] DELETE SUCCESSFUL: 
2021/05/04 22:23:16 JobID=5dfcdcfe-cb00-eb44-6838-49c83f42eb61, Part#=0, TransfersDone=1 of 1
2021/05/04 22:23:16 all parts of entire Job 5dfcdcfe-cb00-eb44-6838-49c83f42eb61 successfully completed, cancelled or paused
2021/05/04 22:23:17 PERF: primary performance constraint is Unknown. States: T:  0, GRs: 128
