2021/05/04 21:05:50 AzcopyVersion  10.7.0
2021/05/04 21:05:50 OS-Environment  windows
2021/05/04 21:05:50 OS-Architecture  amd64
2021/05/04 21:05:50 Log times are in UTC. Local time is 4 May 2021 18:05:50
2021/05/04 21:05:50 Job-Command remove https://elevarbi.blob.core.windows.net/blob-bibrasil/LegoBi/20210502CargaHorariaExtraClasseIBMR.CSV?se=2030-09-11t23%3A59%3A49z&sig=-REDACTED-&sp=rwdlacup&spr=https&srt=sco&ss=bfqt&st=2019-10-04t14%3A59%3A49z&sv=2018-03-28 --output-type=json --cancel-from-stdin --recursive 
2021/05/04 21:05:50 Number of CPUs: 8
2021/05/04 21:05:50 Max file buffer RAM 4.000 GB
2021/05/04 21:05:50 Max concurrent network operations: 128 (Based on number of CPUs. Set AZCOPY_CONCURRENCY_VALUE environment variable to override)
2021/05/04 21:05:50 Check CPU usage when dynamically tuning concurrency: true (Based on hard-coded default. Set AZCOPY_TUNE_TO_CPU environment variable to true or false override)
2021/05/04 21:05:50 Max concurrent transfer initiation routines: 64 (Based on hard-coded default. Set AZCOPY_CONCURRENT_FILES environment variable to override)
2021/05/04 21:05:50 Max enumeration routines: 16 (Based on hard-coded default. Set AZCOPY_CONCURRENT_SCAN environment variable to override)
2021/05/04 21:05:50 Parallelize getting file properties (file.Stat): false (Based on AZCOPY_PARALLEL_STAT_FILES environment variable)
2021/05/04 21:05:50 Max open files when downloading: 2147483119 (auto-computed)
2021/05/04 21:05:50 ISO 8601 START TIME: to copy files that changed after this job started, use the parameter --include-after=2021-05-04T21:05:45Z
2021/05/04 21:05:50 Any empty folders will not be processed, because source and/or destination doesn't have full folder support
2021/05/04 21:05:50 Final job part has been created
2021/05/04 21:05:50 JobID=658ea8f8-0542-3e4c-787c-3e0bc59e4ffa, credential type: Anonymous
2021/05/04 21:05:50 PERF: primary performance constraint is Unknown. States: T:  0, GRs:  7
2021/05/04 21:05:50 0.0 %, 0 Done, 0 Failed, 1 Pending, 0 Skipped, 1 Total, 
2021/05/04 21:05:50 scheduling JobID=658ea8f8-0542-3e4c-787c-3e0bc59e4ffa, Part#=0, Transfer#=0, priority=0
2021/05/04 21:05:50 Final job part has been scheduled
2021/05/04 21:05:50 INFO: [P#0-T#0] has worker 44 which is processing TRANSFER
2021/05/04 21:05:51 ==> REQUEST/RESPONSE (Try=1/152.4428ms, OpTime=514.8863ms) -- RESPONSE SUCCESSFULLY RECEIVED
   DELETE https://elevarbi.blob.core.windows.net/blob-bibrasil/LegoBi/20210502CargaHorariaExtraClasseIBMR.CSV?se=2030-09-11t23%3A59%3A49z&sig=-REDACTED-&sp=rwdlacup&spr=https&srt=sco&ss=bfqt&st=2019-10-04t14%3A59%3A49z&sv=2018-03-28&timeout=901
   X-Ms-Request-Id: [cda9eac1-301e-0109-5229-4187ae000000]

2021/05/04 21:05:51 INFO: [P#0-T#0] DELETE SUCCESSFUL: 
2021/05/04 21:05:51 JobID=658ea8f8-0542-3e4c-787c-3e0bc59e4ffa, Part#=0, TransfersDone=1 of 1
2021/05/04 21:05:51 all parts of entire Job 658ea8f8-0542-3e4c-787c-3e0bc59e4ffa successfully completed, cancelled or paused
2021/05/04 21:05:52 PERF: primary performance constraint is Unknown. States: T:  0, GRs: 128
