2021/05/04 21:34:12 AzcopyVersion  10.7.0
2021/05/04 21:34:12 OS-Environment  windows
2021/05/04 21:34:12 OS-Architecture  amd64
2021/05/04 21:34:12 Log times are in UTC. Local time is 4 May 2021 18:34:12
2021/05/04 21:34:12 Job-Command copy https://elevarbi.blob.core.windows.net/blob-bibrasil/LegoBi/20210504CargaHorariaExtraClasseIBMR.CSV?se=2030-09-11t23%3A59%3A49z&sig=-REDACTED-&sp=rwdlacup&spr=https&srt=sco&ss=bfqt&st=2019-10-04t14%3A59%3A49z&sv=2018-03-28 C:\Users\jdlacerda\Pictures\20210504CargaHorariaExtraClasseIBMR.CSV --output-type=json --cancel-from-stdin --overwrite=prompt --check-md5 FailIfDifferent --from-to=BlobLocal --recursive 
2021/05/04 21:34:12 Number of CPUs: 8
2021/05/04 21:34:12 Max file buffer RAM 4.000 GB
2021/05/04 21:34:12 Max concurrent network operations: 128 (Based on number of CPUs. Set AZCOPY_CONCURRENCY_VALUE environment variable to override)
2021/05/04 21:34:12 Check CPU usage when dynamically tuning concurrency: true (Based on hard-coded default. Set AZCOPY_TUNE_TO_CPU environment variable to true or false override)
2021/05/04 21:34:12 Max concurrent transfer initiation routines: 64 (Based on hard-coded default. Set AZCOPY_CONCURRENT_FILES environment variable to override)
2021/05/04 21:34:12 Max enumeration routines: 16 (Based on hard-coded default. Set AZCOPY_CONCURRENT_SCAN environment variable to override)
2021/05/04 21:34:12 Parallelize getting file properties (file.Stat): false (Based on AZCOPY_PARALLEL_STAT_FILES environment variable)
2021/05/04 21:34:12 Max open files when downloading: 2147483119 (auto-computed)
2021/05/04 21:34:12 ISO 8601 START TIME: to copy files that changed after this job started, use the parameter --include-after=2021-05-04T21:34:06Z
2021/05/04 21:34:12 Any empty folders will not be processed, because source and/or destination doesn't have full folder support
2021/05/04 21:34:12 Final job part has been created
2021/05/04 21:34:12 PERF: primary performance constraint is Unknown. States: C:  0, R:  0, W:  0, F:  0, H:  0, B:  0, S:  0, P:  0, Q:  0, D:  0, E:  0, T:  0, GRs:  6
2021/05/04 21:34:12 JobID=6c04f6be-8287-1546-6c02-692785d31c16, credential type: Anonymous
2021/05/04 21:34:12 0.0 %, 0 Done, 0 Failed, 1 Pending, 0 Skipped, 1 Total, 
2021/05/04 21:34:12 scheduling JobID=6c04f6be-8287-1546-6c02-692785d31c16, Part#=0, Transfer#=0, priority=0
2021/05/04 21:34:12 Final job part has been scheduled
2021/05/04 21:34:12 INFO: [P#0-T#0] has worker 23 which is processing TRANSFER
2021/05/04 21:34:12 ==> REQUEST/RESPONSE (Try=1/250.8502ms, OpTime=619.8833ms) -- RESPONSE SUCCESSFULLY RECEIVED
   GET https://elevarbi.blob.core.windows.net/blob-bibrasil/LegoBi/20210504CargaHorariaExtraClasseIBMR.CSV?se=2030-09-11t23%3A59%3A49z&sig=-REDACTED-&sp=rwdlacup&spr=https&srt=sco&ss=bfqt&st=2019-10-04t14%3A59%3A49z&sv=2018-03-28&timeout=901
   X-Ms-Request-Id: [5c22944b-e01e-00ae-1e2d-41f818000000]

2021/05/04 21:34:12 INFO: [P#0-T#0] DOWNLOADSUCCESSFUL: \\?\C:\Users\jdlacerda\Pictures\20210504CargaHorariaExtraClasseIBMR.CSV
2021/05/04 21:34:12 JobID=6c04f6be-8287-1546-6c02-692785d31c16, Part#=0, TransfersDone=1 of 1
2021/05/04 21:34:12 all parts of entire Job 6c04f6be-8287-1546-6c02-692785d31c16 successfully completed, cancelled or paused
2021/05/04 21:34:14 PERF: primary performance constraint is Unknown. States: C:  0, R:  0, W:  0, F:  0, H:  0, B:  0, S:  0, P:  0, Q:  0, D:  0, E:  0, T:  0, GRs: 128
