2021/05/04 22:23:38 AzcopyVersion  10.10.0
2021/05/04 22:23:38 OS-Environment  windows
2021/05/04 22:23:38 OS-Architecture  amd64
2021/05/04 22:23:38 Log times are in UTC. Local time is 4 May 2021 19:23:38
2021/05/04 22:23:38 Job-Command remove https://elevarbi.blob.core.windows.net/blob-bibrasil/LegoBi/20210501CargaHorariaExtraClasseUNIFACS.CSV?se=2030-09-11t23%3A59%3A49z&sig=-REDACTED-&sp=rwdlacup&spr=https&srt=sco&ss=bfqt&st=2019-10-04t14%3A59%3A49z&sv=2018-03-28 --output-type=json --cancel-from-stdin --recursive --trusted-microsoft-suffixes= 
2021/05/04 22:23:38 Number of CPUs: 8
2021/05/04 22:23:38 Max file buffer RAM 4.000 GB
2021/05/04 22:23:38 Max concurrent network operations: 128 (Based on number of CPUs. Set AZCOPY_CONCURRENCY_VALUE environment variable to override)
2021/05/04 22:23:38 Check CPU usage when dynamically tuning concurrency: true (Based on hard-coded default. Set AZCOPY_TUNE_TO_CPU environment variable to true or false override)
2021/05/04 22:23:38 Max concurrent transfer initiation routines: 64 (Based on hard-coded default. Set AZCOPY_CONCURRENT_FILES environment variable to override)
2021/05/04 22:23:38 Max enumeration routines: 16 (Based on hard-coded default. Set AZCOPY_CONCURRENT_SCAN environment variable to override)
2021/05/04 22:23:38 Parallelize getting file properties (file.Stat): false (Based on AZCOPY_PARALLEL_STAT_FILES environment variable)
2021/05/04 22:23:38 Max open files when downloading: 2147483119 (auto-computed)
2021/05/04 22:23:38 ISO 8601 START TIME: to copy files that changed before or after this job started, use the parameter --include-before=2021-05-04T22:23:32Z or --include-after=2021-05-04T22:23:32Z
2021/05/04 22:23:38 Any empty folders will not be processed, because source and/or destination doesn't have full folder support
2021/05/04 22:23:38 Final job part has been created
2021/05/04 22:23:38 JobID=714ea1ab-6ab3-b849-6ae6-94807687b679, credential type: Anonymous
2021/05/04 22:23:38 PERF: primary performance constraint is Unknown. States: T:  0, GRs:  6
2021/05/04 22:23:38 scheduling JobID=714ea1ab-6ab3-b849-6ae6-94807687b679, Part#=0, Transfer#=0, priority=0
2021/05/04 22:23:38 Final job part has been scheduled
2021/05/04 22:23:38 100.0 %, 0 Done, 0 Failed, 1 Pending, 0 Skipped, 1 Total, 
2021/05/04 22:23:38 INFO: [P#0-T#0] has worker 32 which is processing TRANSFER
2021/05/04 22:23:38 ==> REQUEST/RESPONSE (Try=1/129.2566ms, OpTime=495.9399ms) -- RESPONSE SUCCESSFULLY RECEIVED
   DELETE https://elevarbi.blob.core.windows.net/blob-bibrasil/LegoBi/20210501CargaHorariaExtraClasseUNIFACS.CSV?se=2030-09-11t23%3A59%3A49z&sig=-REDACTED-&sp=rwdlacup&spr=https&srt=sco&ss=bfqt&st=2019-10-04t14%3A59%3A49z&sv=2018-03-28&timeout=901
   X-Ms-Request-Id: [b8d36da9-101e-013c-5734-4129fb000000]

2021/05/04 22:23:38 INFO: [P#0-T#0] DELETE SUCCESSFUL: 
2021/05/04 22:23:38 JobID=714ea1ab-6ab3-b849-6ae6-94807687b679, Part#=0, TransfersDone=1 of 1
2021/05/04 22:23:38 all parts of entire Job 714ea1ab-6ab3-b849-6ae6-94807687b679 successfully completed, cancelled or paused
2021/05/04 22:23:40 PERF: primary performance constraint is Unknown. States: T:  0, GRs: 128
