2021/05/04 21:07:59 AzcopyVersion  10.7.0
2021/05/04 21:07:59 OS-Environment  windows
2021/05/04 21:07:59 OS-Architecture  amd64
2021/05/04 21:07:59 Log times are in UTC. Local time is 4 May 2021 18:07:59
2021/05/04 21:07:59 Job-Command remove https://elevarbi.blob.core.windows.net/blob-bibrasil/LegoBi/20210429CargaHorariaExtraClasseIBMR.CSV?se=2030-09-11t23%3A59%3A49z&sig=-REDACTED-&sp=rwdlacup&spr=https&srt=sco&ss=bfqt&st=2019-10-04t14%3A59%3A49z&sv=2018-03-28 --output-type=json --cancel-from-stdin --recursive 
2021/05/04 21:07:59 Number of CPUs: 8
2021/05/04 21:07:59 Max file buffer RAM 4.000 GB
2021/05/04 21:07:59 Max concurrent network operations: 128 (Based on number of CPUs. Set AZCOPY_CONCURRENCY_VALUE environment variable to override)
2021/05/04 21:07:59 Check CPU usage when dynamically tuning concurrency: true (Based on hard-coded default. Set AZCOPY_TUNE_TO_CPU environment variable to true or false override)
2021/05/04 21:07:59 Max concurrent transfer initiation routines: 64 (Based on hard-coded default. Set AZCOPY_CONCURRENT_FILES environment variable to override)
2021/05/04 21:07:59 Max enumeration routines: 16 (Based on hard-coded default. Set AZCOPY_CONCURRENT_SCAN environment variable to override)
2021/05/04 21:07:59 Parallelize getting file properties (file.Stat): false (Based on AZCOPY_PARALLEL_STAT_FILES environment variable)
2021/05/04 21:07:59 Max open files when downloading: 2147483119 (auto-computed)
2021/05/04 21:07:59 ISO 8601 START TIME: to copy files that changed after this job started, use the parameter --include-after=2021-05-04T21:07:53Z
2021/05/04 21:07:59 Any empty folders will not be processed, because source and/or destination doesn't have full folder support
2021/05/04 21:07:59 Final job part has been created
2021/05/04 21:07:59 JobID=7d8b0c41-dfbe-404a-70bb-2ed42afdc149, credential type: Anonymous
2021/05/04 21:07:59 PERF: primary performance constraint is Unknown. States: T:  0, GRs: 18
2021/05/04 21:07:59 scheduling JobID=7d8b0c41-dfbe-404a-70bb-2ed42afdc149, Part#=0, Transfer#=0, priority=0
2021/05/04 21:07:59 0.0 %, 0 Done, 0 Failed, 1 Pending, 0 Skipped, 1 Total, 
2021/05/04 21:07:59 Final job part has been scheduled
2021/05/04 21:07:59 INFO: [P#0-T#0] has worker 34 which is processing TRANSFER
2021/05/04 21:07:59 ==> REQUEST/RESPONSE (Try=1/136.4546ms, OpTime=502.8158ms) -- RESPONSE SUCCESSFULLY RECEIVED
   DELETE https://elevarbi.blob.core.windows.net/blob-bibrasil/LegoBi/20210429CargaHorariaExtraClasseIBMR.CSV?se=2030-09-11t23%3A59%3A49z&sig=-REDACTED-&sp=rwdlacup&spr=https&srt=sco&ss=bfqt&st=2019-10-04t14%3A59%3A49z&sv=2018-03-28&timeout=901
   X-Ms-Request-Id: [0f9b876a-701e-00cd-4a29-41be3d000000]

2021/05/04 21:07:59 INFO: [P#0-T#0] DELETE SUCCESSFUL: 
2021/05/04 21:07:59 JobID=7d8b0c41-dfbe-404a-70bb-2ed42afdc149, Part#=0, TransfersDone=1 of 1
2021/05/04 21:07:59 all parts of entire Job 7d8b0c41-dfbe-404a-70bb-2ed42afdc149 successfully completed, cancelled or paused
2021/05/04 21:08:01 PERF: primary performance constraint is Unknown. States: T:  0, GRs: 128
