2021/02/01 16:51:57 AzcopyVersion  10.7.0
2021/02/01 16:51:57 OS-Environment  windows
2021/02/01 16:51:57 OS-Architecture  amd64
2021/02/01 16:51:57 Log times are in UTC. Local time is 1 Feb 2021 13:51:57
2021/02/01 16:51:57 Job-Command copy https://elevarbi.blob.core.windows.net/blob-bibrasil/LegoBi/20210201CampusPredioSalaFMU.CSV?se=2030-09-11t23%3A59%3A49z&sig=-REDACTED-&sp=rwdlacup&spr=https&srt=sco&ss=bfqt&st=2019-10-04t14%3A59%3A49z&sv=2018-03-28 C:\Users\JDLACE~1\AppData\Local\Temp\16121983134337\20210201CampusPredioSalaFMU.CSV --output-type=json --cancel-from-stdin --overwrite=prompt --check-md5 FailIfDifferent --from-to=BlobLocal --blob-type BlockBlob --recursive 
2021/02/01 16:51:57 Number of CPUs: 8
2021/02/01 16:51:57 Max file buffer RAM 4.000 GB
2021/02/01 16:51:57 Max concurrent network operations: 128 (Based on number of CPUs. Set AZCOPY_CONCURRENCY_VALUE environment variable to override)
2021/02/01 16:51:57 Check CPU usage when dynamically tuning concurrency: true (Based on hard-coded default. Set AZCOPY_TUNE_TO_CPU environment variable to true or false override)
2021/02/01 16:51:57 Max concurrent transfer initiation routines: 64 (Based on hard-coded default. Set AZCOPY_CONCURRENT_FILES environment variable to override)
2021/02/01 16:51:57 Max enumeration routines: 16 (Based on hard-coded default. Set AZCOPY_CONCURRENT_SCAN environment variable to override)
2021/02/01 16:51:57 Parallelize getting file properties (file.Stat): false (Based on AZCOPY_PARALLEL_STAT_FILES environment variable)
2021/02/01 16:51:57 Max open files when downloading: 2147483119 (auto-computed)
2021/02/01 16:51:57 ISO 8601 START TIME: to copy files that changed after this job started, use the parameter --include-after=2021-02-01T16:51:52Z
2021/02/01 16:51:57 Any empty folders will not be processed, because source and/or destination doesn't have full folder support
2021/02/01 16:51:57 JobID=90cdde9c-52bd-ae4f-6511-580458263c0d, credential type: Anonymous
2021/02/01 16:51:57 Final job part has been created
2021/02/01 16:51:57 scheduling JobID=90cdde9c-52bd-ae4f-6511-580458263c0d, Part#=0, Transfer#=0, priority=0
2021/02/01 16:51:57 Final job part has been scheduled
2021/02/01 16:51:57 INFO: [P#0-T#0] has worker 23 which is processing TRANSFER
2021/02/01 16:51:57 PERF: primary performance constraint is Unknown. States: C:  0, R:  0, W:  0, F:  0, H:  0, B:  0, S:  0, P:  0, Q:  0, D:  0, E:  0, T:  0, GRs:  0
2021/02/01 16:51:57 0.0 %, 0 Done, 0 Failed, 1 Pending, 0 Skipped, 1 Total, 
2021/02/01 16:51:58 ==> REQUEST/RESPONSE (Try=1/206.4461ms, OpTime=595.1229ms) -- RESPONSE SUCCESSFULLY RECEIVED
   GET https://elevarbi.blob.core.windows.net/blob-bibrasil/LegoBi/20210201CampusPredioSalaFMU.CSV?se=2030-09-11t23%3A59%3A49z&sig=-REDACTED-&sp=rwdlacup&spr=https&srt=sco&ss=bfqt&st=2019-10-04t14%3A59%3A49z&sv=2018-03-28&timeout=901
   X-Ms-Request-Id: [11d49ba2-601e-005a-20ba-f8ddf4000000]

2021/02/01 16:51:59 INFO: [P#0-T#0] DOWNLOADSUCCESSFUL: \\?\C:\Users\JDLACE~1\AppData\Local\Temp\16121983134337\20210201CampusPredioSalaFMU.CSV
2021/02/01 16:51:59 JobID=90cdde9c-52bd-ae4f-6511-580458263c0d, Part#=0, TransfersDone=1 of 1
2021/02/01 16:51:59 all parts of entire Job 90cdde9c-52bd-ae4f-6511-580458263c0d successfully completed, cancelled or paused
2021/02/01 16:51:59 PERF: primary performance constraint is Unknown. States: C:  0, R:  0, W:  0, F:  0, H:  0, B:  0, S:  0, P:  0, Q:  0, D:  0, E:  0, T:  0, GRs: 128
