2021/05/04 22:11:05 AzcopyVersion  10.10.0
2021/05/04 22:11:05 OS-Environment  windows
2021/05/04 22:11:05 OS-Architecture  amd64
2021/05/04 22:11:05 Log times are in UTC. Local time is 4 May 2021 19:11:05
2021/05/04 22:11:05 Job-Command remove https://elevarbi.blob.core.windows.net/blob-bibrasil/LegoBi/20210504CargaHorariaExtraClasseFMU.CSV?se=2030-09-11t23%3A59%3A49z&sig=-REDACTED-&sp=rwdlacup&spr=https&srt=sco&ss=bfqt&st=2019-10-04t14%3A59%3A49z&sv=2018-03-28 --output-type=json --cancel-from-stdin --recursive --trusted-microsoft-suffixes= 
2021/05/04 22:11:05 Number of CPUs: 8
2021/05/04 22:11:05 Max file buffer RAM 4.000 GB
2021/05/04 22:11:05 Max concurrent network operations: 128 (Based on number of CPUs. Set AZCOPY_CONCURRENCY_VALUE environment variable to override)
2021/05/04 22:11:05 Check CPU usage when dynamically tuning concurrency: true (Based on hard-coded default. Set AZCOPY_TUNE_TO_CPU environment variable to true or false override)
2021/05/04 22:11:05 Max concurrent transfer initiation routines: 64 (Based on hard-coded default. Set AZCOPY_CONCURRENT_FILES environment variable to override)
2021/05/04 22:11:05 Max enumeration routines: 16 (Based on hard-coded default. Set AZCOPY_CONCURRENT_SCAN environment variable to override)
2021/05/04 22:11:05 Parallelize getting file properties (file.Stat): false (Based on AZCOPY_PARALLEL_STAT_FILES environment variable)
2021/05/04 22:11:05 Max open files when downloading: 2147483119 (auto-computed)
2021/05/04 22:11:05 ISO 8601 START TIME: to copy files that changed before or after this job started, use the parameter --include-before=2021-05-04T22:11:00Z or --include-after=2021-05-04T22:11:00Z
2021/05/04 22:11:05 Any empty folders will not be processed, because source and/or destination doesn't have full folder support
2021/05/04 22:11:05 Final job part has been created
2021/05/04 22:11:05 JobID=91b8db9c-f34c-954b-745e-06aadbe3904b, credential type: Anonymous
2021/05/04 22:11:05 PERF: primary performance constraint is Unknown. States: T:  0, GRs:  5
2021/05/04 22:11:05 100.0 %, 0 Done, 0 Failed, 1 Pending, 0 Skipped, 1 Total, 
2021/05/04 22:11:05 scheduling JobID=91b8db9c-f34c-954b-745e-06aadbe3904b, Part#=0, Transfer#=0, priority=0
2021/05/04 22:11:05 Final job part has been scheduled
2021/05/04 22:11:05 INFO: [P#0-T#0] has worker 53 which is processing TRANSFER
2021/05/04 22:11:06 ==> REQUEST/RESPONSE (Try=1/132.9906ms, OpTime=517.3128ms) -- RESPONSE SUCCESSFULLY RECEIVED
   DELETE https://elevarbi.blob.core.windows.net/blob-bibrasil/LegoBi/20210504CargaHorariaExtraClasseFMU.CSV?se=2030-09-11t23%3A59%3A49z&sig=-REDACTED-&sp=rwdlacup&spr=https&srt=sco&ss=bfqt&st=2019-10-04t14%3A59%3A49z&sv=2018-03-28&timeout=901
   X-Ms-Request-Id: [602382ca-701e-00ab-7332-410c67000000]

2021/05/04 22:11:06 INFO: [P#0-T#0] DELETE SUCCESSFUL: 
2021/05/04 22:11:06 JobID=91b8db9c-f34c-954b-745e-06aadbe3904b, Part#=0, TransfersDone=1 of 1
2021/05/04 22:11:06 all parts of entire Job 91b8db9c-f34c-954b-745e-06aadbe3904b successfully completed, cancelled or paused
2021/05/04 22:11:07 PERF: primary performance constraint is Unknown. States: T:  0, GRs: 128
