2021/05/04 22:12:24 AzcopyVersion  10.10.0
2021/05/04 22:12:24 OS-Environment  windows
2021/05/04 22:12:24 OS-Architecture  amd64
2021/05/04 22:12:24 Log times are in UTC. Local time is 4 May 2021 19:12:24
2021/05/04 22:12:24 Job-Command remove https://elevarbi.blob.core.windows.net/blob-bibrasil/LegoBi/20210503CargaHorariaExtraClasseUNP.CSV?se=2030-09-11t23%3A59%3A49z&sig=-REDACTED-&sp=rwdlacup&spr=https&srt=sco&ss=bfqt&st=2019-10-04t14%3A59%3A49z&sv=2018-03-28 --output-type=json --cancel-from-stdin --recursive --trusted-microsoft-suffixes= 
2021/05/04 22:12:24 Number of CPUs: 8
2021/05/04 22:12:24 Max file buffer RAM 4.000 GB
2021/05/04 22:12:24 Max concurrent network operations: 128 (Based on number of CPUs. Set AZCOPY_CONCURRENCY_VALUE environment variable to override)
2021/05/04 22:12:24 Check CPU usage when dynamically tuning concurrency: true (Based on hard-coded default. Set AZCOPY_TUNE_TO_CPU environment variable to true or false override)
2021/05/04 22:12:24 Max concurrent transfer initiation routines: 64 (Based on hard-coded default. Set AZCOPY_CONCURRENT_FILES environment variable to override)
2021/05/04 22:12:24 Max enumeration routines: 16 (Based on hard-coded default. Set AZCOPY_CONCURRENT_SCAN environment variable to override)
2021/05/04 22:12:24 Parallelize getting file properties (file.Stat): false (Based on AZCOPY_PARALLEL_STAT_FILES environment variable)
2021/05/04 22:12:24 Max open files when downloading: 2147483119 (auto-computed)
2021/05/04 22:12:24 ISO 8601 START TIME: to copy files that changed before or after this job started, use the parameter --include-before=2021-05-04T22:12:18Z or --include-after=2021-05-04T22:12:18Z
2021/05/04 22:12:24 Any empty folders will not be processed, because source and/or destination doesn't have full folder support
2021/05/04 22:12:24 Final job part has been created
2021/05/04 22:12:24 PERF: primary performance constraint is Unknown. States: T:  0, GRs:  2
2021/05/04 22:12:24 JobID=94ee199a-133b-b546-7c2f-01812a147e58, credential type: Anonymous
2021/05/04 22:12:24 100.0 %, 0 Done, 0 Failed, 1 Pending, 0 Skipped, 1 Total, 
2021/05/04 22:12:24 scheduling JobID=94ee199a-133b-b546-7c2f-01812a147e58, Part#=0, Transfer#=0, priority=0
2021/05/04 22:12:24 Final job part has been scheduled
2021/05/04 22:12:24 INFO: [P#0-T#0] has worker 4 which is processing TRANSFER
2021/05/04 22:12:25 ==> REQUEST/RESPONSE (Try=1/230.2693ms, OpTime=600.5584ms) -- RESPONSE SUCCESSFULLY RECEIVED
   DELETE https://elevarbi.blob.core.windows.net/blob-bibrasil/LegoBi/20210503CargaHorariaExtraClasseUNP.CSV?se=2030-09-11t23%3A59%3A49z&sig=-REDACTED-&sp=rwdlacup&spr=https&srt=sco&ss=bfqt&st=2019-10-04t14%3A59%3A49z&sv=2018-03-28&timeout=901
   X-Ms-Request-Id: [bfd51edd-601e-0111-4532-41aa3b000000]

2021/05/04 22:12:25 INFO: [P#0-T#0] DELETE SUCCESSFUL: 
2021/05/04 22:12:25 JobID=94ee199a-133b-b546-7c2f-01812a147e58, Part#=0, TransfersDone=1 of 1
2021/05/04 22:12:25 all parts of entire Job 94ee199a-133b-b546-7c2f-01812a147e58 successfully completed, cancelled or paused
2021/05/04 22:12:26 PERF: primary performance constraint is Unknown. States: T:  0, GRs: 128
