2021/02/10 13:18:59 AzcopyVersion  10.7.0
2021/02/10 13:18:59 OS-Environment  windows
2021/02/10 13:18:59 OS-Architecture  amd64
2021/02/10 13:18:59 Log times are in UTC. Local time is 10 Feb 2021 10:18:59
2021/02/10 13:18:59 Job-Command remove https://elevarbi.blob.core.windows.net/blob-bibrasil/LegoBi/20210204CargaHorariaFMU.CSV?se=2030-09-11t23%3A59%3A49z&sig=-REDACTED-&sp=rwdlacup&spr=https&srt=sco&ss=bfqt&st=2019-10-04t14%3A59%3A49z&sv=2018-03-28 --output-type=json --cancel-from-stdin --recursive 
2021/02/10 13:18:59 Number of CPUs: 8
2021/02/10 13:18:59 Max file buffer RAM 4.000 GB
2021/02/10 13:18:59 Max concurrent network operations: 128 (Based on number of CPUs. Set AZCOPY_CONCURRENCY_VALUE environment variable to override)
2021/02/10 13:18:59 Check CPU usage when dynamically tuning concurrency: true (Based on hard-coded default. Set AZCOPY_TUNE_TO_CPU environment variable to true or false override)
2021/02/10 13:18:59 Max concurrent transfer initiation routines: 64 (Based on hard-coded default. Set AZCOPY_CONCURRENT_FILES environment variable to override)
2021/02/10 13:18:59 Max enumeration routines: 16 (Based on hard-coded default. Set AZCOPY_CONCURRENT_SCAN environment variable to override)
2021/02/10 13:18:59 Parallelize getting file properties (file.Stat): false (Based on AZCOPY_PARALLEL_STAT_FILES environment variable)
2021/02/10 13:18:59 Max open files when downloading: 2147483119 (auto-computed)
2021/02/10 13:18:59 ISO 8601 START TIME: to copy files that changed after this job started, use the parameter --include-after=2021-02-10T13:18:54Z
2021/02/10 13:18:59 Any empty folders will not be processed, because source and/or destination doesn't have full folder support
2021/02/10 13:18:59 Final job part has been created
2021/02/10 13:18:59 JobID=995162c9-2d52-b449-5c5b-5e1d6474719f, credential type: Anonymous
2021/02/10 13:18:59 PERF: primary performance constraint is Unknown. States: T:  0, GRs: 20
2021/02/10 13:18:59 0.0 %, 0 Done, 0 Failed, 1 Pending, 0 Skipped, 1 Total, 
2021/02/10 13:18:59 scheduling JobID=995162c9-2d52-b449-5c5b-5e1d6474719f, Part#=0, Transfer#=0, priority=0
2021/02/10 13:18:59 Final job part has been scheduled
2021/02/10 13:18:59 INFO: [P#0-T#0] has worker 23 which is processing TRANSFER
2021/02/10 13:19:00 ==> REQUEST/RESPONSE (Try=1/135.3206ms, OpTime=499.9639ms) -- RESPONSE SUCCESSFULLY RECEIVED
   DELETE https://elevarbi.blob.core.windows.net/blob-bibrasil/LegoBi/20210204CargaHorariaFMU.CSV?se=2030-09-11t23%3A59%3A49z&sig=-REDACTED-&sp=rwdlacup&spr=https&srt=sco&ss=bfqt&st=2019-10-04t14%3A59%3A49z&sv=2018-03-28&timeout=901
   X-Ms-Request-Id: [ffd1f7f8-401e-00a8-27af-ff0f60000000]

2021/02/10 13:19:00 INFO: [P#0-T#0] DELETE SUCCESSFUL: 
2021/02/10 13:19:00 JobID=995162c9-2d52-b449-5c5b-5e1d6474719f, Part#=0, TransfersDone=1 of 1
2021/02/10 13:19:00 all parts of entire Job 995162c9-2d52-b449-5c5b-5e1d6474719f successfully completed, cancelled or paused
2021/02/10 13:19:01 PERF: primary performance constraint is Unknown. States: T:  0, GRs: 128
