2021/01/20 13:33:29 AzcopyVersion  10.7.0
2021/01/20 13:33:29 OS-Environment  windows
2021/01/20 13:33:29 OS-Architecture  amd64
2021/01/20 13:33:29 Log times are in UTC. Local time is 20 Jan 2021 10:33:29
2021/01/20 13:33:29 Job-Command copy https://elevarbi.blob.core.windows.net/blob-bibrasil/LegoBi/20210112CampusPredioSalaFADERGS.CSV?se=2030-09-11t23%3A59%3A49z&sig=-REDACTED-&sp=rwdlacup&spr=https&srt=sco&ss=bfqt&st=2019-10-04t14%3A59%3A49z&sv=2018-03-28 C:\Users\jdlacerda\Desktop\Lego BI\20210112CampusPredioSalaFADERGS.CSV --output-type=json --cancel-from-stdin --overwrite=prompt --check-md5 FailIfDifferent --from-to=BlobLocal --recursive 
2021/01/20 13:33:29 Number of CPUs: 8
2021/01/20 13:33:29 Max file buffer RAM 4.000 GB
2021/01/20 13:33:29 Max concurrent network operations: 128 (Based on number of CPUs. Set AZCOPY_CONCURRENCY_VALUE environment variable to override)
2021/01/20 13:33:29 Check CPU usage when dynamically tuning concurrency: true (Based on hard-coded default. Set AZCOPY_TUNE_TO_CPU environment variable to true or false override)
2021/01/20 13:33:29 Max concurrent transfer initiation routines: 64 (Based on hard-coded default. Set AZCOPY_CONCURRENT_FILES environment variable to override)
2021/01/20 13:33:29 Max enumeration routines: 16 (Based on hard-coded default. Set AZCOPY_CONCURRENT_SCAN environment variable to override)
2021/01/20 13:33:29 Parallelize getting file properties (file.Stat): false (Based on AZCOPY_PARALLEL_STAT_FILES environment variable)
2021/01/20 13:33:29 Max open files when downloading: 2147483119 (auto-computed)
2021/01/20 13:33:29 ISO 8601 START TIME: to copy files that changed after this job started, use the parameter --include-after=2021-01-20T13:33:24Z
2021/01/20 13:33:29 Any empty folders will not be processed, because source and/or destination doesn't have full folder support
2021/01/20 13:33:29 Final job part has been created
2021/01/20 13:33:29 JobID=99cc4dbe-25fa-2049-44d6-b4efaedea30f, credential type: Anonymous
2021/01/20 13:33:29 PERF: primary performance constraint is Unknown. States: C:  0, R:  0, W:  0, F:  0, H:  0, B:  0, S:  0, P:  0, Q:  0, D:  0, E:  0, T:  0, GRs: 12
2021/01/20 13:33:29 0.0 %, 0 Done, 0 Failed, 1 Pending, 0 Skipped, 1 Total, 
2021/01/20 13:33:29 scheduling JobID=99cc4dbe-25fa-2049-44d6-b4efaedea30f, Part#=0, Transfer#=0, priority=0
2021/01/20 13:33:29 Final job part has been scheduled
2021/01/20 13:33:29 INFO: [P#0-T#0] has worker 47 which is processing TRANSFER
2021/01/20 13:33:30 ==> REQUEST/RESPONSE (Try=1/128.9971ms, OpTime=492.1034ms) -- RESPONSE SUCCESSFULLY RECEIVED
   GET https://elevarbi.blob.core.windows.net/blob-bibrasil/LegoBi/20210112CampusPredioSalaFADERGS.CSV?se=2030-09-11t23%3A59%3A49z&sig=-REDACTED-&sp=rwdlacup&spr=https&srt=sco&ss=bfqt&st=2019-10-04t14%3A59%3A49z&sv=2018-03-28&timeout=901
   X-Ms-Request-Id: [de1619c4-f01e-0093-4530-ef4d3e000000]

2021/01/20 13:33:30 ERR: [P#0-T#0] DOWNLOADFAILED: https://elevarbi.blob.core.windows.net/blob-bibrasil/LegoBi/20210112CampusPredioSalaFADERGS.CSV?se=2030-09-11t23%3A59%3A49z&sig=-REDACTED-&sp=rwdlacup&spr=https&srt=sco&ss=bfqt&st=2019-10-04t14%3A59%3A49z&sv=2018-03-28 : 409 : 409 This operation is not permitted on an archived blob.. When Downloading response body. X-Ms-Request-Id: de1619c4-f01e-0093-4530-ef4d3e000000

   Dst: %5C%5C?\C:\Users\jdlacerda\Desktop\Lego BI\20210112CampusPredioSalaFADERGS.CSV
2021/01/20 13:33:30 INFO: [P#0-T#0] https://elevarbi.blob.core.windows.net/blob-bibrasil/LegoBi/20210112CampusPredioSalaFADERGS.CSV?se=2030-09-11t23%3A59%3A49z&sig=-REDACTED-&sp=rwdlacup&spr=https&srt=sco&ss=bfqt&st=2019-10-04t14%3A59%3A49z&sv=2018-03-28 Deleting incomplete destination file Dst: %5C%5C?\C:\Users\jdlacerda\Desktop\Lego BI\20210112CampusPredioSalaFADERGS.CSV
2021/01/20 13:33:30 JobID=99cc4dbe-25fa-2049-44d6-b4efaedea30f, Part#=0, TransfersDone=1 of 1
2021/01/20 13:33:30 all parts of entire Job 99cc4dbe-25fa-2049-44d6-b4efaedea30f successfully completed, cancelled or paused
2021/01/20 13:33:31 PERF: primary performance constraint is Unknown. States: C:  0, R:  0, W:  0, F:  0, H:  1, B:  0, S:  0, P:  0, Q:  0, D:  0, E:  0, T:  1, GRs: 128
