2021/05/12 12:40:16 AzcopyVersion  10.10.0
2021/05/12 12:40:16 OS-Environment  windows
2021/05/12 12:40:16 OS-Architecture  amd64
2021/05/12 12:40:16 Log times are in UTC. Local time is 12 May 2021 09:40:16
2021/05/12 12:40:16 Job-Command copy https://elevarbi.blob.core.windows.net/blob-bibrasil/LegoBi/20210503AlunoFinanceiroUNIFACS.CSV?se=2030-09-11t23%3A59%3A49z&sig=-REDACTED-&sp=rwdlacup&spr=https&srt=sco&ss=bfqt&st=2019-10-04t14%3A59%3A49z&sv=2018-03-28 C:\Users\JDLACE~1\AppData\Local\Temp\16208232158231\20210503AlunoFinanceiroUNIFACS.CSV --output-type=json --cancel-from-stdin --overwrite=prompt --check-md5 FailIfDifferent --from-to=BlobLocal --blob-type BlockBlob --recursive --trusted-microsoft-suffixes= 
2021/05/12 12:40:16 Number of CPUs: 8
2021/05/12 12:40:16 Max file buffer RAM 4.000 GB
2021/05/12 12:40:16 Max concurrent network operations: 128 (Based on number of CPUs. Set AZCOPY_CONCURRENCY_VALUE environment variable to override)
2021/05/12 12:40:16 Check CPU usage when dynamically tuning concurrency: true (Based on hard-coded default. Set AZCOPY_TUNE_TO_CPU environment variable to true or false override)
2021/05/12 12:40:16 Max concurrent transfer initiation routines: 64 (Based on hard-coded default. Set AZCOPY_CONCURRENT_FILES environment variable to override)
2021/05/12 12:40:16 Max enumeration routines: 16 (Based on hard-coded default. Set AZCOPY_CONCURRENT_SCAN environment variable to override)
2021/05/12 12:40:16 Parallelize getting file properties (file.Stat): false (Based on AZCOPY_PARALLEL_STAT_FILES environment variable)
2021/05/12 12:40:16 Max open files when downloading: 2147483119 (auto-computed)
2021/05/12 12:40:16 ISO 8601 START TIME: to copy files that changed before or after this job started, use the parameter --include-before=2021-05-12T12:40:10Z or --include-after=2021-05-12T12:40:10Z
2021/05/12 12:40:16 Any empty folders will not be processed, because source and/or destination doesn't have full folder support
2021/05/12 12:40:16 Final job part has been created
2021/05/12 12:40:16 JobID=9de702a3-63d6-924d-41f8-85cd2b913b71, credential type: Anonymous
2021/05/12 12:40:16 PERF: primary performance constraint is Unknown. States: C:  0, R:  0, W:  0, F:  0, H:  0, B:  0, S:  0, P:  0, Q:  0, D:  0, E:  0, T:  0, GRs:  8
2021/05/12 12:40:16 scheduling JobID=9de702a3-63d6-924d-41f8-85cd2b913b71, Part#=0, Transfer#=0, priority=0
2021/05/12 12:40:16 Final job part has been scheduled
2021/05/12 12:40:16 0.0 %, 0 Done, 0 Failed, 1 Pending, 0 Skipped, 1 Total, 
2021/05/12 12:40:16 INFO: [P#0-T#0] has worker 25 which is processing TRANSFER
2021/05/12 12:40:17 ==> REQUEST/RESPONSE (Try=1/124.0248ms, OpTime=480.4303ms) -- RESPONSE SUCCESSFULLY RECEIVED
   GET https://elevarbi.blob.core.windows.net/blob-bibrasil/LegoBi/20210503AlunoFinanceiroUNIFACS.CSV?se=2030-09-11t23%3A59%3A49z&sig=-REDACTED-&sp=rwdlacup&spr=https&srt=sco&ss=bfqt&st=2019-10-04t14%3A59%3A49z&sv=2018-03-28&timeout=901
   X-Ms-Request-Id: [e2d8e3b2-c01e-00d4-2a2b-479255000000]

2021/05/12 12:40:17 ERR: [P#0-T#0] DOWNLOADFAILED: https://elevarbi.blob.core.windows.net/blob-bibrasil/LegoBi/20210503AlunoFinanceiroUNIFACS.CSV?se=2030-09-11t23%3A59%3A49z&sig=-REDACTED-&sp=rwdlacup&spr=https&srt=sco&ss=bfqt&st=2019-10-04t14%3A59%3A49z&sv=2018-03-28 : 409 : 409 This operation is not permitted on an archived blob.. When Downloading response body. X-Ms-Request-Id: e2d8e3b2-c01e-00d4-2a2b-479255000000

   Dst: %5C%5C?\C:\Users\JDLACE~1\AppData\Local\Temp\16208232158231\20210503AlunoFinanceiroUNIFACS.CSV
2021/05/12 12:40:17 INFO: [P#0-T#0] https://elevarbi.blob.core.windows.net/blob-bibrasil/LegoBi/20210503AlunoFinanceiroUNIFACS.CSV?se=2030-09-11t23%3A59%3A49z&sig=-REDACTED-&sp=rwdlacup&spr=https&srt=sco&ss=bfqt&st=2019-10-04t14%3A59%3A49z&sv=2018-03-28 Deleting incomplete destination file Dst: %5C%5C?\C:\Users\JDLACE~1\AppData\Local\Temp\16208232158231\20210503AlunoFinanceiroUNIFACS.CSV
2021/05/12 12:40:17 JobID=9de702a3-63d6-924d-41f8-85cd2b913b71, Part#=0, TransfersDone=1 of 1
2021/05/12 12:40:17 all parts of entire Job 9de702a3-63d6-924d-41f8-85cd2b913b71 successfully completed, cancelled or paused
2021/05/12 12:40:18 PERF: primary performance constraint is Unknown. States: C:  0, R:  0, W:  0, F:  0, H:  1, B:  0, S:  0, P:  0, Q:  0, D:  0, E:  0, T:  1, GRs: 128
