2021/05/04 22:28:53 AzcopyVersion  10.10.0
2021/05/04 22:28:53 OS-Environment  windows
2021/05/04 22:28:53 OS-Architecture  amd64
2021/05/04 22:28:53 Log times are in UTC. Local time is 4 May 2021 19:28:53
2021/05/04 22:28:53 Job-Command remove https://elevarbi.blob.core.windows.net/blob-bibrasil/LegoBi/20210430CargaHorariaExtraClasseANHEMBIMORUMBI.CSV?se=2030-09-11t23%3A59%3A49z&sig=-REDACTED-&sp=rwdlacup&spr=https&srt=sco&ss=bfqt&st=2019-10-04t14%3A59%3A49z&sv=2018-03-28 --output-type=json --cancel-from-stdin --recursive --trusted-microsoft-suffixes= 
2021/05/04 22:28:53 Number of CPUs: 8
2021/05/04 22:28:53 Max file buffer RAM 4.000 GB
2021/05/04 22:28:53 Max concurrent network operations: 128 (Based on number of CPUs. Set AZCOPY_CONCURRENCY_VALUE environment variable to override)
2021/05/04 22:28:53 Check CPU usage when dynamically tuning concurrency: true (Based on hard-coded default. Set AZCOPY_TUNE_TO_CPU environment variable to true or false override)
2021/05/04 22:28:53 Max concurrent transfer initiation routines: 64 (Based on hard-coded default. Set AZCOPY_CONCURRENT_FILES environment variable to override)
2021/05/04 22:28:53 Max enumeration routines: 16 (Based on hard-coded default. Set AZCOPY_CONCURRENT_SCAN environment variable to override)
2021/05/04 22:28:53 Parallelize getting file properties (file.Stat): false (Based on AZCOPY_PARALLEL_STAT_FILES environment variable)
2021/05/04 22:28:53 Max open files when downloading: 2147483119 (auto-computed)
2021/05/04 22:28:53 ISO 8601 START TIME: to copy files that changed before or after this job started, use the parameter --include-before=2021-05-04T22:28:48Z or --include-after=2021-05-04T22:28:48Z
2021/05/04 22:28:53 Any empty folders will not be processed, because source and/or destination doesn't have full folder support
2021/05/04 22:28:53 Final job part has been created
2021/05/04 22:28:53 PERF: primary performance constraint is Unknown. States: T:  0, GRs:  8
2021/05/04 22:28:53 JobID=a221fbe7-b6eb-0b4b-767c-b56f8dfdda6c, credential type: Anonymous
2021/05/04 22:28:53 100.0 %, 0 Done, 0 Failed, 1 Pending, 0 Skipped, 1 Total, 
2021/05/04 22:28:53 scheduling JobID=a221fbe7-b6eb-0b4b-767c-b56f8dfdda6c, Part#=0, Transfer#=0, priority=0
2021/05/04 22:28:53 Final job part has been scheduled
2021/05/04 22:28:53 INFO: [P#0-T#0] has worker 20 which is processing TRANSFER
2021/05/04 22:28:54 ==> REQUEST/RESPONSE (Try=1/131.9548ms, OpTime=492.7903ms) -- RESPONSE SUCCESSFULLY RECEIVED
   DELETE https://elevarbi.blob.core.windows.net/blob-bibrasil/LegoBi/20210430CargaHorariaExtraClasseANHEMBIMORUMBI.CSV?se=2030-09-11t23%3A59%3A49z&sig=-REDACTED-&sp=rwdlacup&spr=https&srt=sco&ss=bfqt&st=2019-10-04t14%3A59%3A49z&sv=2018-03-28&timeout=901
   X-Ms-Request-Id: [a3b7dc41-e01e-00c8-3634-414a42000000]

2021/05/04 22:28:54 INFO: [P#0-T#0] DELETE SUCCESSFUL: 
2021/05/04 22:28:54 JobID=a221fbe7-b6eb-0b4b-767c-b56f8dfdda6c, Part#=0, TransfersDone=1 of 1
2021/05/04 22:28:54 all parts of entire Job a221fbe7-b6eb-0b4b-767c-b56f8dfdda6c successfully completed, cancelled or paused
2021/05/04 22:28:55 PERF: primary performance constraint is Unknown. States: T:  0, GRs: 128
