2021/05/05 18:08:36 AzcopyVersion  10.10.0
2021/05/05 18:08:36 OS-Environment  windows
2021/05/05 18:08:36 OS-Architecture  amd64
2021/05/05 18:08:36 Log times are in UTC. Local time is 5 May 2021 15:08:36
2021/05/05 18:08:36 Job-Command copy https://elevarbi.blob.core.windows.net/blob-bibrasil/LegoBi/20210505CargaHorariaExtraClasseUNIFACS.CSV?se=2030-09-11t23%3A59%3A49z&sig=-REDACTED-&sp=rwdlacup&spr=https&srt=sco&ss=bfqt&st=2019-10-04t14%3A59%3A49z&sv=2018-03-28 C:\Users\jdlacerda\Downloads\20210505CargaHorariaExtraClasseUNIFACS.CSV --output-type=json --cancel-from-stdin --overwrite=prompt --check-md5 FailIfDifferent --from-to=BlobLocal --recursive --trusted-microsoft-suffixes= 
2021/05/05 18:08:36 Number of CPUs: 8
2021/05/05 18:08:36 Max file buffer RAM 4.000 GB
2021/05/05 18:08:36 Max concurrent network operations: 128 (Based on number of CPUs. Set AZCOPY_CONCURRENCY_VALUE environment variable to override)
2021/05/05 18:08:36 Check CPU usage when dynamically tuning concurrency: true (Based on hard-coded default. Set AZCOPY_TUNE_TO_CPU environment variable to true or false override)
2021/05/05 18:08:36 Max concurrent transfer initiation routines: 64 (Based on hard-coded default. Set AZCOPY_CONCURRENT_FILES environment variable to override)
2021/05/05 18:08:36 Max enumeration routines: 16 (Based on hard-coded default. Set AZCOPY_CONCURRENT_SCAN environment variable to override)
2021/05/05 18:08:36 Parallelize getting file properties (file.Stat): false (Based on AZCOPY_PARALLEL_STAT_FILES environment variable)
2021/05/05 18:08:36 Max open files when downloading: 2147483119 (auto-computed)
2021/05/05 18:08:36 ISO 8601 START TIME: to copy files that changed before or after this job started, use the parameter --include-before=2021-05-05T18:08:30Z or --include-after=2021-05-05T18:08:30Z
2021/05/05 18:08:36 Any empty folders will not be processed, because source and/or destination doesn't have full folder support
2021/05/05 18:08:36 JobID=a60db59a-0ea1-ae4e-4257-8360c6f535e1, credential type: Anonymous
2021/05/05 18:08:36 Final job part has been created
2021/05/05 18:08:36 scheduling JobID=a60db59a-0ea1-ae4e-4257-8360c6f535e1, Part#=0, Transfer#=0, priority=0
2021/05/05 18:08:36 Final job part has been scheduled
2021/05/05 18:08:36 PERF: primary performance constraint is Unknown. States: C:  0, R:  0, W:  0, F:  0, H:  0, B:  0, S:  0, P:  0, Q:  0, D:  0, E:  0, T:  0, GRs: 12
2021/05/05 18:08:36 0.0 %, 0 Done, 0 Failed, 1 Pending, 0 Skipped, 1 Total, 
2021/05/05 18:08:36 INFO: [P#0-T#0] has worker 15 which is processing TRANSFER
2021/05/05 18:08:37 ==> REQUEST/RESPONSE (Try=1/132.6616ms, OpTime=493.7934ms) -- RESPONSE SUCCESSFULLY RECEIVED
   GET https://elevarbi.blob.core.windows.net/blob-bibrasil/LegoBi/20210505CargaHorariaExtraClasseUNIFACS.CSV?se=2030-09-11t23%3A59%3A49z&sig=-REDACTED-&sp=rwdlacup&spr=https&srt=sco&ss=bfqt&st=2019-10-04t14%3A59%3A49z&sv=2018-03-28&timeout=901
   X-Ms-Request-Id: [506f2940-a01e-0008-21d9-41c006000000]

2021/05/05 18:08:37 INFO: [P#0-T#0] DOWNLOADSUCCESSFUL: \\?\C:\Users\jdlacerda\Downloads\20210505CargaHorariaExtraClasseUNIFACS.CSV
2021/05/05 18:08:37 JobID=a60db59a-0ea1-ae4e-4257-8360c6f535e1, Part#=0, TransfersDone=1 of 1
2021/05/05 18:08:37 all parts of entire Job a60db59a-0ea1-ae4e-4257-8360c6f535e1 successfully completed, cancelled or paused
2021/05/05 18:08:38 PERF: primary performance constraint is Unknown. States: C:  0, R:  0, W:  0, F:  0, H:  0, B:  0, S:  0, P:  0, Q:  0, D:  0, E:  0, T:  0, GRs: 128
