2021/01/29 19:27:11 AzcopyVersion  10.7.0
2021/01/29 19:27:11 OS-Environment  windows
2021/01/29 19:27:11 OS-Architecture  amd64
2021/01/29 19:27:11 Log times are in UTC. Local time is 29 Jan 2021 16:27:11
2021/01/29 19:27:11 Job-Command remove https://elevarbi.blob.core.windows.net/blob-bibrasil/LegoBi/20210129CampusPredioSalaUNIFG.CSV?se=2030-09-11t23%3A59%3A49z&sig=-REDACTED-&sp=rwdlacup&spr=https&srt=sco&ss=bfqt&st=2019-10-04t14%3A59%3A49z&sv=2018-03-28 --output-type=json --cancel-from-stdin --recursive 
2021/01/29 19:27:11 Number of CPUs: 8
2021/01/29 19:27:11 Max file buffer RAM 4.000 GB
2021/01/29 19:27:11 Max concurrent network operations: 128 (Based on number of CPUs. Set AZCOPY_CONCURRENCY_VALUE environment variable to override)
2021/01/29 19:27:11 Check CPU usage when dynamically tuning concurrency: true (Based on hard-coded default. Set AZCOPY_TUNE_TO_CPU environment variable to true or false override)
2021/01/29 19:27:11 Max concurrent transfer initiation routines: 64 (Based on hard-coded default. Set AZCOPY_CONCURRENT_FILES environment variable to override)
2021/01/29 19:27:11 Max enumeration routines: 16 (Based on hard-coded default. Set AZCOPY_CONCURRENT_SCAN environment variable to override)
2021/01/29 19:27:11 Parallelize getting file properties (file.Stat): false (Based on AZCOPY_PARALLEL_STAT_FILES environment variable)
2021/01/29 19:27:11 Max open files when downloading: 2147483119 (auto-computed)
2021/01/29 19:27:11 ISO 8601 START TIME: to copy files that changed after this job started, use the parameter --include-after=2021-01-29T19:27:06Z
2021/01/29 19:27:11 Any empty folders will not be processed, because source and/or destination doesn't have full folder support
2021/01/29 19:27:11 Final job part has been created
2021/01/29 19:27:11 PERF: primary performance constraint is Unknown. States: T:  0, GRs:  0
2021/01/29 19:27:11 0.0 %, 0 Done, 0 Failed, 1 Pending, 0 Skipped, 1 Total, 
2021/01/29 19:27:11 JobID=ac09932a-5258-304d-6c06-fe2787475856, credential type: Anonymous
2021/01/29 19:27:11 scheduling JobID=ac09932a-5258-304d-6c06-fe2787475856, Part#=0, Transfer#=0, priority=0
2021/01/29 19:27:11 Final job part has been scheduled
2021/01/29 19:27:11 INFO: [P#0-T#0] has worker 0 which is processing TRANSFER
2021/01/29 19:27:12 ==> REQUEST/RESPONSE (Try=1/129.2176ms, OpTime=496.5818ms) -- RESPONSE SUCCESSFULLY RECEIVED
   DELETE https://elevarbi.blob.core.windows.net/blob-bibrasil/LegoBi/20210129CampusPredioSalaUNIFG.CSV?se=2030-09-11t23%3A59%3A49z&sig=-REDACTED-&sp=rwdlacup&spr=https&srt=sco&ss=bfqt&st=2019-10-04t14%3A59%3A49z&sv=2018-03-28&timeout=901
   X-Ms-Request-Id: [58993d98-c01e-0057-7774-f632f8000000]

2021/01/29 19:27:12 INFO: [P#0-T#0] DELETE SUCCESSFUL: 
2021/01/29 19:27:12 JobID=ac09932a-5258-304d-6c06-fe2787475856, Part#=0, TransfersDone=1 of 1
2021/01/29 19:27:12 all parts of entire Job ac09932a-5258-304d-6c06-fe2787475856 successfully completed, cancelled or paused
2021/01/29 19:27:13 PERF: primary performance constraint is Unknown. States: T:  0, GRs: 128
