2021/05/04 22:30:22 AzcopyVersion  10.10.0
2021/05/04 22:30:22 OS-Environment  windows
2021/05/04 22:30:22 OS-Architecture  amd64
2021/05/04 22:30:22 Log times are in UTC. Local time is 4 May 2021 19:30:22
2021/05/04 22:30:22 Job-Command remove https://elevarbi.blob.core.windows.net/blob-bibrasil/LegoBi/20210429CargaHorariaExtraClasseFADERGS.CSV?se=2030-09-11t23%3A59%3A49z&sig=-REDACTED-&sp=rwdlacup&spr=https&srt=sco&ss=bfqt&st=2019-10-04t14%3A59%3A49z&sv=2018-03-28 --output-type=json --cancel-from-stdin --recursive --trusted-microsoft-suffixes= 
2021/05/04 22:30:22 Number of CPUs: 8
2021/05/04 22:30:22 Max file buffer RAM 4.000 GB
2021/05/04 22:30:22 Max concurrent network operations: 128 (Based on number of CPUs. Set AZCOPY_CONCURRENCY_VALUE environment variable to override)
2021/05/04 22:30:22 Check CPU usage when dynamically tuning concurrency: true (Based on hard-coded default. Set AZCOPY_TUNE_TO_CPU environment variable to true or false override)
2021/05/04 22:30:22 Max concurrent transfer initiation routines: 64 (Based on hard-coded default. Set AZCOPY_CONCURRENT_FILES environment variable to override)
2021/05/04 22:30:22 Max enumeration routines: 16 (Based on hard-coded default. Set AZCOPY_CONCURRENT_SCAN environment variable to override)
2021/05/04 22:30:22 Parallelize getting file properties (file.Stat): false (Based on AZCOPY_PARALLEL_STAT_FILES environment variable)
2021/05/04 22:30:22 Max open files when downloading: 2147483119 (auto-computed)
2021/05/04 22:30:22 ISO 8601 START TIME: to copy files that changed before or after this job started, use the parameter --include-before=2021-05-04T22:30:16Z or --include-after=2021-05-04T22:30:16Z
2021/05/04 22:30:22 Any empty folders will not be processed, because source and/or destination doesn't have full folder support
2021/05/04 22:30:22 Final job part has been created
2021/05/04 22:30:22 JobID=b3b0a252-4250-6c46-6b70-64eb8d355e44, credential type: Anonymous
2021/05/04 22:30:22 PERF: primary performance constraint is Unknown. States: T:  0, GRs:  7
2021/05/04 22:30:22 scheduling JobID=b3b0a252-4250-6c46-6b70-64eb8d355e44, Part#=0, Transfer#=0, priority=0
2021/05/04 22:30:22 Final job part has been scheduled
2021/05/04 22:30:22 100.0 %, 0 Done, 0 Failed, 1 Pending, 0 Skipped, 1 Total, 
2021/05/04 22:30:22 INFO: [P#0-T#0] has worker 11 which is processing TRANSFER
2021/05/04 22:30:22 ==> REQUEST/RESPONSE (Try=1/128.7781ms, OpTime=496.2881ms) -- RESPONSE SUCCESSFULLY RECEIVED
   DELETE https://elevarbi.blob.core.windows.net/blob-bibrasil/LegoBi/20210429CargaHorariaExtraClasseFADERGS.CSV?se=2030-09-11t23%3A59%3A49z&sig=-REDACTED-&sp=rwdlacup&spr=https&srt=sco&ss=bfqt&st=2019-10-04t14%3A59%3A49z&sv=2018-03-28&timeout=901
   X-Ms-Request-Id: [721022ff-601e-00f0-5c35-410b1b000000]

2021/05/04 22:30:22 INFO: [P#0-T#0] DELETE SUCCESSFUL: 
2021/05/04 22:30:22 JobID=b3b0a252-4250-6c46-6b70-64eb8d355e44, Part#=0, TransfersDone=1 of 1
2021/05/04 22:30:22 all parts of entire Job b3b0a252-4250-6c46-6b70-64eb8d355e44 successfully completed, cancelled or paused
2021/05/04 22:30:24 PERF: primary performance constraint is Unknown. States: T:  0, GRs: 128
