2021/05/12 12:40:24 AzcopyVersion  10.10.0
2021/05/12 12:40:24 OS-Environment  windows
2021/05/12 12:40:24 OS-Architecture  amd64
2021/05/12 12:40:24 Log times are in UTC. Local time is 12 May 2021 09:40:24
2021/05/12 12:40:24 Job-Command copy https://elevarbi.blob.core.windows.net/blob-bibrasil/LegoBi/20210503AlunoFinanceiroUNIFACS.CSV?se=2030-09-11t23%3A59%3A49z&sig=-REDACTED-&sp=rwdlacup&spr=https&srt=sco&ss=bfqt&st=2019-10-04t14%3A59%3A49z&sv=2018-03-28 C:\Users\JDLACE~1\AppData\Local\Temp\16208232240382\20210503AlunoFinanceiroUNIFACS.CSV --output-type=json --cancel-from-stdin --overwrite=prompt --check-md5 FailIfDifferent --from-to=BlobLocal --blob-type BlockBlob --recursive --trusted-microsoft-suffixes= 
2021/05/12 12:40:24 Number of CPUs: 8
2021/05/12 12:40:24 Max file buffer RAM 4.000 GB
2021/05/12 12:40:24 Max concurrent network operations: 128 (Based on number of CPUs. Set AZCOPY_CONCURRENCY_VALUE environment variable to override)
2021/05/12 12:40:24 Check CPU usage when dynamically tuning concurrency: true (Based on hard-coded default. Set AZCOPY_TUNE_TO_CPU environment variable to true or false override)
2021/05/12 12:40:24 Max concurrent transfer initiation routines: 64 (Based on hard-coded default. Set AZCOPY_CONCURRENT_FILES environment variable to override)
2021/05/12 12:40:24 Max enumeration routines: 16 (Based on hard-coded default. Set AZCOPY_CONCURRENT_SCAN environment variable to override)
2021/05/12 12:40:24 Parallelize getting file properties (file.Stat): false (Based on AZCOPY_PARALLEL_STAT_FILES environment variable)
2021/05/12 12:40:24 Max open files when downloading: 2147483119 (auto-computed)
2021/05/12 12:40:24 ISO 8601 START TIME: to copy files that changed before or after this job started, use the parameter --include-before=2021-05-12T12:40:19Z or --include-after=2021-05-12T12:40:19Z
2021/05/12 12:40:24 Any empty folders will not be processed, because source and/or destination doesn't have full folder support
2021/05/12 12:40:24 Final job part has been created
2021/05/12 12:40:24 JobID=c884da53-ca86-d54e-5203-71d613738354, credential type: Anonymous
2021/05/12 12:40:24 PERF: primary performance constraint is Unknown. States: C:  0, R:  0, W:  0, F:  0, H:  0, B:  0, S:  0, P:  0, Q:  0, D:  0, E:  0, T:  0, GRs:  1
2021/05/12 12:40:24 scheduling JobID=c884da53-ca86-d54e-5203-71d613738354, Part#=0, Transfer#=0, priority=0
2021/05/12 12:40:24 0.0 %, 0 Done, 0 Failed, 1 Pending, 0 Skipped, 1 Total, 
2021/05/12 12:40:24 Final job part has been scheduled
2021/05/12 12:40:24 INFO: [P#0-T#0] has worker 2 which is processing TRANSFER
2021/05/12 12:40:25 ==> REQUEST/RESPONSE (Try=1/125.0247ms, OpTime=485.6308ms) -- RESPONSE SUCCESSFULLY RECEIVED
   GET https://elevarbi.blob.core.windows.net/blob-bibrasil/LegoBi/20210503AlunoFinanceiroUNIFACS.CSV?se=2030-09-11t23%3A59%3A49z&sig=-REDACTED-&sp=rwdlacup&spr=https&srt=sco&ss=bfqt&st=2019-10-04t14%3A59%3A49z&sv=2018-03-28&timeout=901
   X-Ms-Request-Id: [900a457f-001e-0041-802b-47f366000000]

2021/05/12 12:40:25 ERR: [P#0-T#0] DOWNLOADFAILED: https://elevarbi.blob.core.windows.net/blob-bibrasil/LegoBi/20210503AlunoFinanceiroUNIFACS.CSV?se=2030-09-11t23%3A59%3A49z&sig=-REDACTED-&sp=rwdlacup&spr=https&srt=sco&ss=bfqt&st=2019-10-04t14%3A59%3A49z&sv=2018-03-28 : 409 : 409 This operation is not permitted on an archived blob.. When Downloading response body. X-Ms-Request-Id: 900a457f-001e-0041-802b-47f366000000

   Dst: %5C%5C?\C:\Users\JDLACE~1\AppData\Local\Temp\16208232240382\20210503AlunoFinanceiroUNIFACS.CSV
2021/05/12 12:40:25 INFO: [P#0-T#0] https://elevarbi.blob.core.windows.net/blob-bibrasil/LegoBi/20210503AlunoFinanceiroUNIFACS.CSV?se=2030-09-11t23%3A59%3A49z&sig=-REDACTED-&sp=rwdlacup&spr=https&srt=sco&ss=bfqt&st=2019-10-04t14%3A59%3A49z&sv=2018-03-28 Deleting incomplete destination file Dst: %5C%5C?\C:\Users\JDLACE~1\AppData\Local\Temp\16208232240382\20210503AlunoFinanceiroUNIFACS.CSV
2021/05/12 12:40:25 JobID=c884da53-ca86-d54e-5203-71d613738354, Part#=0, TransfersDone=1 of 1
2021/05/12 12:40:25 all parts of entire Job c884da53-ca86-d54e-5203-71d613738354 successfully completed, cancelled or paused
2021/05/12 12:40:26 PERF: primary performance constraint is Unknown. States: C:  0, R:  0, W:  0, F:  0, H:  1, B:  0, S:  0, P:  0, Q:  0, D:  0, E:  0, T:  1, GRs: 128
