2021/05/04 22:39:11 AzcopyVersion  10.10.0
2021/05/04 22:39:11 OS-Environment  windows
2021/05/04 22:39:11 OS-Architecture  amd64
2021/05/04 22:39:11 Log times are in UTC. Local time is 4 May 2021 19:39:11
2021/05/04 22:39:11 Job-Command copy https://elevarbi.blob.core.windows.net/blob-bibrasil/LegoBi/20210504ProfessorIBMR.CSV?se=2030-09-11t23%3A59%3A49z&sig=-REDACTED-&sp=rwdlacup&spr=https&srt=sco&ss=bfqt&st=2019-10-04t14%3A59%3A49z&sv=2018-03-28 C:\Users\jdlacerda\Downloads\20210504ProfessorIBMR.CSV --output-type=json --cancel-from-stdin --overwrite=prompt --check-md5 FailIfDifferent --from-to=BlobLocal --recursive --trusted-microsoft-suffixes= 
2021/05/04 22:39:11 Number of CPUs: 8
2021/05/04 22:39:11 Max file buffer RAM 4.000 GB
2021/05/04 22:39:11 Max concurrent network operations: 128 (Based on number of CPUs. Set AZCOPY_CONCURRENCY_VALUE environment variable to override)
2021/05/04 22:39:11 Check CPU usage when dynamically tuning concurrency: true (Based on hard-coded default. Set AZCOPY_TUNE_TO_CPU environment variable to true or false override)
2021/05/04 22:39:11 Max concurrent transfer initiation routines: 64 (Based on hard-coded default. Set AZCOPY_CONCURRENT_FILES environment variable to override)
2021/05/04 22:39:11 Max enumeration routines: 16 (Based on hard-coded default. Set AZCOPY_CONCURRENT_SCAN environment variable to override)
2021/05/04 22:39:11 Parallelize getting file properties (file.Stat): false (Based on AZCOPY_PARALLEL_STAT_FILES environment variable)
2021/05/04 22:39:11 Max open files when downloading: 2147483119 (auto-computed)
2021/05/04 22:39:11 ISO 8601 START TIME: to copy files that changed before or after this job started, use the parameter --include-before=2021-05-04T22:39:05Z or --include-after=2021-05-04T22:39:05Z
2021/05/04 22:39:11 Any empty folders will not be processed, because source and/or destination doesn't have full folder support
2021/05/04 22:39:11 JobID=f3f3a47d-c388-8c45-76cd-aafccda8f6ec, credential type: Anonymous
2021/05/04 22:39:11 Final job part has been created
2021/05/04 22:39:11 scheduling JobID=f3f3a47d-c388-8c45-76cd-aafccda8f6ec, Part#=0, Transfer#=0, priority=0
2021/05/04 22:39:11 Final job part has been scheduled
2021/05/04 22:39:11 PERF: primary performance constraint is Unknown. States: C:  0, R:  0, W:  0, F:  0, H:  0, B:  0, S:  0, P:  0, Q:  0, D:  0, E:  0, T:  0, GRs: 15
2021/05/04 22:39:11 0.0 %, 0 Done, 0 Failed, 1 Pending, 0 Skipped, 1 Total, 
2021/05/04 22:39:11 INFO: [P#0-T#0] has worker 37 which is processing TRANSFER
2021/05/04 22:39:11 ==> REQUEST/RESPONSE (Try=1/273.057ms, OpTime=638.8831ms) -- RESPONSE SUCCESSFULLY RECEIVED
   GET https://elevarbi.blob.core.windows.net/blob-bibrasil/LegoBi/20210504ProfessorIBMR.CSV?se=2030-09-11t23%3A59%3A49z&sig=-REDACTED-&sp=rwdlacup&spr=https&srt=sco&ss=bfqt&st=2019-10-04t14%3A59%3A49z&sv=2018-03-28&timeout=901
   X-Ms-Request-Id: [1e73baea-b01e-0131-6536-41c6f7000000]

2021/05/04 22:39:12 INFO: [P#0-T#0] DOWNLOADSUCCESSFUL: \\?\C:\Users\jdlacerda\Downloads\20210504ProfessorIBMR.CSV
2021/05/04 22:39:12 JobID=f3f3a47d-c388-8c45-76cd-aafccda8f6ec, Part#=0, TransfersDone=1 of 1
2021/05/04 22:39:12 all parts of entire Job f3f3a47d-c388-8c45-76cd-aafccda8f6ec successfully completed, cancelled or paused
2021/05/04 22:39:13 PERF: primary performance constraint is Unknown. States: C:  0, R:  0, W:  0, F:  0, H:  0, B:  0, S:  0, P:  0, Q:  0, D:  0, E:  0, T:  0, GRs: 128
