2021/05/12 12:38:01 AzcopyVersion  10.10.0
2021/05/12 12:38:01 OS-Environment  windows
2021/05/12 12:38:01 OS-Architecture  amd64
2021/05/12 12:38:01 Log times are in UTC. Local time is 12 May 2021 09:38:01
2021/05/12 12:38:01 Job-Command copy https://elevarbi.blob.core.windows.net/blob-bibrasil/LegoBi/20210507AlunoFinanceiroUNIFACS.CSV?se=2030-09-11t23%3A59%3A49z&sig=-REDACTED-&sp=rwdlacup&spr=https&srt=sco&ss=bfqt&st=2019-10-04t14%3A59%3A49z&sv=2018-03-28 C:\Users\JDLACE~1\AppData\Local\Temp\16208230790800\20210507AlunoFinanceiroUNIFACS.CSV --output-type=json --cancel-from-stdin --overwrite=prompt --check-md5 FailIfDifferent --from-to=BlobLocal --blob-type BlockBlob --recursive --trusted-microsoft-suffixes= 
2021/05/12 12:38:01 Number of CPUs: 8
2021/05/12 12:38:01 Max file buffer RAM 4.000 GB
2021/05/12 12:38:01 Max concurrent network operations: 128 (Based on number of CPUs. Set AZCOPY_CONCURRENCY_VALUE environment variable to override)
2021/05/12 12:38:01 Check CPU usage when dynamically tuning concurrency: true (Based on hard-coded default. Set AZCOPY_TUNE_TO_CPU environment variable to true or false override)
2021/05/12 12:38:01 Max concurrent transfer initiation routines: 64 (Based on hard-coded default. Set AZCOPY_CONCURRENT_FILES environment variable to override)
2021/05/12 12:38:01 Max enumeration routines: 16 (Based on hard-coded default. Set AZCOPY_CONCURRENT_SCAN environment variable to override)
2021/05/12 12:38:01 Parallelize getting file properties (file.Stat): false (Based on AZCOPY_PARALLEL_STAT_FILES environment variable)
2021/05/12 12:38:01 Max open files when downloading: 2147483119 (auto-computed)
2021/05/12 12:38:01 ISO 8601 START TIME: to copy files that changed before or after this job started, use the parameter --include-before=2021-05-12T12:37:55Z or --include-after=2021-05-12T12:37:55Z
2021/05/12 12:38:01 Any empty folders will not be processed, because source and/or destination doesn't have full folder support
2021/05/12 12:38:01 Final job part has been created
2021/05/12 12:38:01 JobID=f64aedef-1371-7043-6a02-0cb5fadf40ba, credential type: Anonymous
2021/05/12 12:38:01 scheduling JobID=f64aedef-1371-7043-6a02-0cb5fadf40ba, Part#=0, Transfer#=0, priority=0
2021/05/12 12:38:01 Final job part has been scheduled
2021/05/12 12:38:01 PERF: primary performance constraint is Unknown. States: C:  0, R:  0, W:  0, F:  0, H:  0, B:  0, S:  0, P:  0, Q:  0, D:  0, E:  0, T:  0, GRs:  9
2021/05/12 12:38:01 0.0 %, 0 Done, 0 Failed, 1 Pending, 0 Skipped, 1 Total, 
2021/05/12 12:38:01 INFO: [P#0-T#0] has worker 23 which is processing TRANSFER
2021/05/12 12:38:01 ==> REQUEST/RESPONSE (Try=1/325.3967ms, OpTime=686.058ms) -- RESPONSE SUCCESSFULLY RECEIVED
   GET https://elevarbi.blob.core.windows.net/blob-bibrasil/LegoBi/20210507AlunoFinanceiroUNIFACS.CSV?se=2030-09-11t23%3A59%3A49z&sig=-REDACTED-&sp=rwdlacup&spr=https&srt=sco&ss=bfqt&st=2019-10-04t14%3A59%3A49z&sv=2018-03-28&timeout=901
   X-Ms-Request-Id: [a60c641c-301e-0060-3d2b-479e57000000]

2021/05/12 12:38:01 INFO: [P#0-T#0] DOWNLOADSUCCESSFUL: \\?\C:\Users\JDLACE~1\AppData\Local\Temp\16208230790800\20210507AlunoFinanceiroUNIFACS.CSV
2021/05/12 12:38:01 JobID=f64aedef-1371-7043-6a02-0cb5fadf40ba, Part#=0, TransfersDone=1 of 1
2021/05/12 12:38:01 all parts of entire Job f64aedef-1371-7043-6a02-0cb5fadf40ba successfully completed, cancelled or paused
2021/05/12 12:38:03 PERF: primary performance constraint is Unknown. States: C:  0, R:  0, W:  0, F:  0, H:  0, B:  0, S:  0, P:  0, Q:  0, D:  0, E:  0, T:  0, GRs: 128
