2021/04/13 17:22:40 AzcopyVersion  10.7.0
2021/04/13 17:22:40 OS-Environment  windows
2021/04/13 17:22:40 OS-Architecture  amd64
2021/04/13 17:22:40 Log times are in UTC. Local time is 13 Apr 2021 14:22:40
2021/04/13 17:22:40 Job-Command remove https://elevarbi.blob.core.windows.net/blob-bibrasil/LegoBi/20210413CargaHorariaFADERGS.CSV?se=2030-09-11t23%3A59%3A49z&sig=-REDACTED-&sp=rwdlacup&spr=https&srt=sco&ss=bfqt&st=2019-10-04t14%3A59%3A49z&sv=2018-03-28 --output-type=json --cancel-from-stdin --recursive 
2021/04/13 17:22:40 Number of CPUs: 8
2021/04/13 17:22:40 Max file buffer RAM 4.000 GB
2021/04/13 17:22:40 Max concurrent network operations: 128 (Based on number of CPUs. Set AZCOPY_CONCURRENCY_VALUE environment variable to override)
2021/04/13 17:22:40 Check CPU usage when dynamically tuning concurrency: true (Based on hard-coded default. Set AZCOPY_TUNE_TO_CPU environment variable to true or false override)
2021/04/13 17:22:40 Max concurrent transfer initiation routines: 64 (Based on hard-coded default. Set AZCOPY_CONCURRENT_FILES environment variable to override)
2021/04/13 17:22:40 Max enumeration routines: 16 (Based on hard-coded default. Set AZCOPY_CONCURRENT_SCAN environment variable to override)
2021/04/13 17:22:40 Parallelize getting file properties (file.Stat): false (Based on AZCOPY_PARALLEL_STAT_FILES environment variable)
2021/04/13 17:22:40 Max open files when downloading: 2147483119 (auto-computed)
2021/04/13 17:22:40 ISO 8601 START TIME: to copy files that changed after this job started, use the parameter --include-after=2021-04-13T17:22:35Z
2021/04/13 17:22:40 Any empty folders will not be processed, because source and/or destination doesn't have full folder support
2021/04/13 17:22:40 Final job part has been created
2021/04/13 17:22:40 JobID=fb6bb0bd-c1a0-e74f-60dd-3d789cea5c8e, credential type: Anonymous
2021/04/13 17:22:40 PERF: primary performance constraint is Unknown. States: T:  0, GRs:  9
2021/04/13 17:22:40 scheduling JobID=fb6bb0bd-c1a0-e74f-60dd-3d789cea5c8e, Part#=0, Transfer#=0, priority=0
2021/04/13 17:22:40 Final job part has been scheduled
2021/04/13 17:22:40 0.0 %, 0 Done, 0 Failed, 1 Pending, 0 Skipped, 1 Total, 
2021/04/13 17:22:40 INFO: [P#0-T#0] has worker 59 which is processing TRANSFER
2021/04/13 17:22:41 ==> REQUEST/RESPONSE (Try=1/130.8016ms, OpTime=496.7043ms) -- RESPONSE SUCCESSFULLY RECEIVED
   DELETE https://elevarbi.blob.core.windows.net/blob-bibrasil/LegoBi/20210413CargaHorariaFADERGS.CSV?se=2030-09-11t23%3A59%3A49z&sig=-REDACTED-&sp=rwdlacup&spr=https&srt=sco&ss=bfqt&st=2019-10-04t14%3A59%3A49z&sv=2018-03-28&timeout=901
   X-Ms-Request-Id: [29b67c9a-c01e-00b9-7989-30387b000000]

2021/04/13 17:22:41 INFO: [P#0-T#0] DELETE SUCCESSFUL: 
2021/04/13 17:22:41 JobID=fb6bb0bd-c1a0-e74f-60dd-3d789cea5c8e, Part#=0, TransfersDone=1 of 1
2021/04/13 17:22:41 all parts of entire Job fb6bb0bd-c1a0-e74f-60dd-3d789cea5c8e successfully completed, cancelled or paused
2021/04/13 17:22:42 PERF: primary performance constraint is Unknown. States: T:  0, GRs: 128
