2021/01/29 17:35:13 AzcopyVersion  10.7.0
2021/01/29 17:35:13 OS-Environment  windows
2021/01/29 17:35:13 OS-Architecture  amd64
2021/01/29 17:35:13 Log times are in UTC. Local time is 29 Jan 2021 14:35:13
2021/01/29 17:35:13 Job-Command copy https://elevarbi.blob.core.windows.net/blob-bibrasil/LegoBi/20210121CampusPredioSalaUNP.CSV?se=2030-09-11t23%3A59%3A49z&sig=-REDACTED-&sp=rwdlacup&spr=https&srt=sco&ss=bfqt&st=2019-10-04t14%3A59%3A49z&sv=2018-03-28 C:\Users\jdlacerda\Desktop\20210121CampusPredioSalaUNP.CSV --output-type=json --cancel-from-stdin --overwrite=prompt --check-md5 FailIfDifferent --from-to=BlobLocal --recursive 
2021/01/29 17:35:13 Number of CPUs: 8
2021/01/29 17:35:13 Max file buffer RAM 4.000 GB
2021/01/29 17:35:13 Max concurrent network operations: 128 (Based on number of CPUs. Set AZCOPY_CONCURRENCY_VALUE environment variable to override)
2021/01/29 17:35:13 Check CPU usage when dynamically tuning concurrency: true (Based on hard-coded default. Set AZCOPY_TUNE_TO_CPU environment variable to true or false override)
2021/01/29 17:35:13 Max concurrent transfer initiation routines: 64 (Based on hard-coded default. Set AZCOPY_CONCURRENT_FILES environment variable to override)
2021/01/29 17:35:13 Max enumeration routines: 16 (Based on hard-coded default. Set AZCOPY_CONCURRENT_SCAN environment variable to override)
2021/01/29 17:35:13 Parallelize getting file properties (file.Stat): false (Based on AZCOPY_PARALLEL_STAT_FILES environment variable)
2021/01/29 17:35:13 Max open files when downloading: 2147483119 (auto-computed)
2021/01/29 17:35:13 ISO 8601 START TIME: to copy files that changed after this job started, use the parameter --include-after=2021-01-29T17:35:07Z
2021/01/29 17:35:13 Any empty folders will not be processed, because source and/or destination doesn't have full folder support
2021/01/29 17:35:13 Final job part has been created
2021/01/29 17:35:13 JobID=fecf4285-7f21-7343-5812-f17a6a23985e, credential type: Anonymous
2021/01/29 17:35:13 PERF: primary performance constraint is Unknown. States: C:  0, R:  0, W:  0, F:  0, H:  0, B:  0, S:  0, P:  0, Q:  0, D:  0, E:  0, T:  0, GRs: 11
2021/01/29 17:35:13 scheduling JobID=fecf4285-7f21-7343-5812-f17a6a23985e, Part#=0, Transfer#=0, priority=0
2021/01/29 17:35:13 Final job part has been scheduled
2021/01/29 17:35:13 0.0 %, 0 Done, 0 Failed, 1 Pending, 0 Skipped, 1 Total, 
2021/01/29 17:35:13 INFO: [P#0-T#0] has worker 5 which is processing TRANSFER
2021/01/29 17:35:14 ==> REQUEST/RESPONSE (Try=1/127.8229ms, OpTime=497.2839ms) -- RESPONSE SUCCESSFULLY RECEIVED
   GET https://elevarbi.blob.core.windows.net/blob-bibrasil/LegoBi/20210121CampusPredioSalaUNP.CSV?se=2030-09-11t23%3A59%3A49z&sig=-REDACTED-&sp=rwdlacup&spr=https&srt=sco&ss=bfqt&st=2019-10-04t14%3A59%3A49z&sv=2018-03-28&timeout=901
   X-Ms-Request-Id: [a05e643a-c01e-00f6-3365-f6fc63000000]

2021/01/29 17:35:14 ERR: [P#0-T#0] DOWNLOADFAILED: https://elevarbi.blob.core.windows.net/blob-bibrasil/LegoBi/20210121CampusPredioSalaUNP.CSV?se=2030-09-11t23%3A59%3A49z&sig=-REDACTED-&sp=rwdlacup&spr=https&srt=sco&ss=bfqt&st=2019-10-04t14%3A59%3A49z&sv=2018-03-28 : 409 : 409 This operation is not permitted on an archived blob.. When Downloading response body. X-Ms-Request-Id: a05e643a-c01e-00f6-3365-f6fc63000000

   Dst: %5C%5C?\C:\Users\jdlacerda\Desktop\20210121CampusPredioSalaUNP.CSV
2021/01/29 17:35:14 INFO: [P#0-T#0] https://elevarbi.blob.core.windows.net/blob-bibrasil/LegoBi/20210121CampusPredioSalaUNP.CSV?se=2030-09-11t23%3A59%3A49z&sig=-REDACTED-&sp=rwdlacup&spr=https&srt=sco&ss=bfqt&st=2019-10-04t14%3A59%3A49z&sv=2018-03-28 Deleting incomplete destination file Dst: %5C%5C?\C:\Users\jdlacerda\Desktop\20210121CampusPredioSalaUNP.CSV
2021/01/29 17:35:14 JobID=fecf4285-7f21-7343-5812-f17a6a23985e, Part#=0, TransfersDone=1 of 1
2021/01/29 17:35:14 all parts of entire Job fecf4285-7f21-7343-5812-f17a6a23985e successfully completed, cancelled or paused
2021/01/29 17:35:15 PERF: primary performance constraint is Unknown. States: C:  0, R:  0, W:  0, F:  0, H:  1, B:  0, S:  0, P:  0, Q:  0, D:  0, E:  0, T:  1, GRs: 128
